[mylog-info][INFO] [2017-05-15 09:47:19] org.springframework.web.context.ContextLoader.initWebApplicationContext(305) | Root WebApplicationContext: initialization started
   [mylog-info][INFO] [2017-05-15 09:47:20] org.springframework.context.support.AbstractApplicationContext.prepareRefresh(578) | Refreshing Root WebApplicationContext: startup date [Mon May 15 09:47:20 CST 2017]; root of context hierarchy
   [mylog-info][INFO] [2017-05-15 09:47:20] org.springframework.beans.factory.xml.XmlBeanDefinitionReader.loadBeanDefinitions(317) | Loading XML bean definitions from class path resource [spring.xml]
   [mylog-info][INFO] [2017-05-15 09:47:22] org.springframework.beans.factory.xml.XmlBeanDefinitionReader.loadBeanDefinitions(317) | Loading XML bean definitions from class path resource [spring-mybatis.xml]
   [mylog-info][WARN] [2017-05-15 09:47:22] org.mybatis.spring.mapper.ClassPathMapperScanner.checkCandidate(226) | Skipping MapperFactoryBean with name 'deviceStatusMapper' and 'com.haro.netty.test.mapper.DeviceStatusMapper' mapperInterface. Bean already defined with the same name!
   [mylog-info][WARN] [2017-05-15 09:47:22] org.mybatis.spring.mapper.ClassPathMapperScanner.doScan(158) | No MyBatis mapper was found in '[com.haro.netty.test.mapper]' package. Please check your configuration.
   [mylog-info][INFO] [2017-05-15 09:47:22] org.springframework.core.io.support.PropertiesLoaderSupport.loadProperties(172) | Loading properties file from class path resource [dbconfig.properties]
   [mylog-info][INFO] [2017-05-15 09:47:22] org.springframework.beans.factory.annotation.AutowiredAnnotationBeanPostProcessor.<init>(153) | JSR-330 'javax.inject.Inject' annotation found and supported for autowiring
   [mylog-info][INFO] [2017-05-15 09:47:22] com.alibaba.druid.pool.DruidDataSource.init(655) | {dataSource-1} inited
   [mylog-info][INFO] [2017-05-15 09:47:23] org.springframework.web.context.ContextLoader.initWebApplicationContext(345) | Root WebApplicationContext: initialization completed in 2887 ms
   [mylog-info][INFO] [2017-05-15 09:47:23] org.springframework.web.servlet.FrameworkServlet.initServletBean(487) | FrameworkServlet 'rest': initialization started
   [mylog-info][INFO] [2017-05-15 09:47:23] org.springframework.context.support.AbstractApplicationContext.prepareRefresh(578) | Refreshing WebApplicationContext for namespace 'rest-servlet': startup date [Mon May 15 09:47:23 CST 2017]; parent: Root WebApplicationContext
   [mylog-info][INFO] [2017-05-15 09:47:23] org.springframework.beans.factory.xml.XmlBeanDefinitionReader.loadBeanDefinitions(317) | Loading XML bean definitions from class path resource [spring-mvc.xml]
   [mylog-info][INFO] [2017-05-15 09:47:23] org.springframework.beans.factory.annotation.AutowiredAnnotationBeanPostProcessor.<init>(153) | JSR-330 'javax.inject.Inject' annotation found and supported for autowiring
   [mylog-info][INFO] [2017-05-15 09:47:24] org.springframework.web.servlet.FrameworkServlet.initServletBean(506) | FrameworkServlet 'rest': initialization completed in 714 ms
   [mylog-info][INFO] [2017-05-15 09:47:47] org.springframework.web.context.ContextLoader.initWebApplicationContext(305) | Root WebApplicationContext: initialization started
   [mylog-info][INFO] [2017-05-15 09:47:47] org.springframework.context.support.AbstractApplicationContext.prepareRefresh(578) | Refreshing Root WebApplicationContext: startup date [Mon May 15 09:47:47 CST 2017]; root of context hierarchy
   [mylog-info][INFO] [2017-05-15 09:47:47] org.springframework.beans.factory.xml.XmlBeanDefinitionReader.loadBeanDefinitions(317) | Loading XML bean definitions from class path resource [spring.xml]
   [mylog-info][INFO] [2017-05-15 09:47:47] org.springframework.beans.factory.xml.XmlBeanDefinitionReader.loadBeanDefinitions(317) | Loading XML bean definitions from class path resource [spring-mybatis.xml]
   [mylog-info][WARN] [2017-05-15 09:47:47] org.mybatis.spring.mapper.ClassPathMapperScanner.checkCandidate(226) | Skipping MapperFactoryBean with name 'deviceStatusMapper' and 'com.haro.netty.test.mapper.DeviceStatusMapper' mapperInterface. Bean already defined with the same name!
   [mylog-info][WARN] [2017-05-15 09:47:47] org.mybatis.spring.mapper.ClassPathMapperScanner.doScan(158) | No MyBatis mapper was found in '[com.haro.netty.test.mapper]' package. Please check your configuration.
   [mylog-info][INFO] [2017-05-15 09:47:47] org.springframework.core.io.support.PropertiesLoaderSupport.loadProperties(172) | Loading properties file from class path resource [dbconfig.properties]
   [mylog-info][INFO] [2017-05-15 09:47:47] org.springframework.beans.factory.annotation.AutowiredAnnotationBeanPostProcessor.<init>(153) | JSR-330 'javax.inject.Inject' annotation found and supported for autowiring
   [mylog-info][INFO] [2017-05-15 09:47:47] com.alibaba.druid.pool.DruidDataSource.init(655) | {dataSource-1} inited
   [mylog-info][INFO] [2017-05-15 09:47:48] org.springframework.web.context.ContextLoader.initWebApplicationContext(345) | Root WebApplicationContext: initialization completed in 1334 ms
   [mylog-info][INFO] [2017-05-15 09:47:48] org.springframework.web.servlet.FrameworkServlet.initServletBean(487) | FrameworkServlet 'rest': initialization started
   [mylog-info][INFO] [2017-05-15 09:47:48] org.springframework.context.support.AbstractApplicationContext.prepareRefresh(578) | Refreshing WebApplicationContext for namespace 'rest-servlet': startup date [Mon May 15 09:47:48 CST 2017]; parent: Root WebApplicationContext
   [mylog-info][INFO] [2017-05-15 09:47:48] org.springframework.beans.factory.xml.XmlBeanDefinitionReader.loadBeanDefinitions(317) | Loading XML bean definitions from class path resource [spring-mvc.xml]
   [mylog-info][INFO] [2017-05-15 09:47:48] org.springframework.beans.factory.annotation.AutowiredAnnotationBeanPostProcessor.<init>(153) | JSR-330 'javax.inject.Inject' annotation found and supported for autowiring
   [mylog-info][INFO] [2017-05-15 09:47:48] org.springframework.web.servlet.FrameworkServlet.initServletBean(506) | FrameworkServlet 'rest': initialization completed in 393 ms
   [mylog-info][INFO] [2017-05-15 09:51:00] com.haro.netty.iot.netty.handler.ServerHandler.channelRegistered(49) | client: /127.0.0.1:51192channelRegistered
   [mylog-info][INFO] [2017-05-15 09:51:00] com.haro.netty.iot.netty.handler.ServerHandler.channelActive(70) | client: /127.0.0.1:51192channelInactive
   [mylog-info][INFO] [2017-05-15 09:51:01] com.haro.netty.iot.netty.handler.ServerHandler.channelRead(189) | EE 00 00 00 00 AA BB CC 11 22 33 77 00 
   [mylog-info][INFO] [2017-05-15 09:51:01] com.haro.netty.iot.netty.handler.ServerHandler.channelRead(206) | 5F 59 44 5F 02 EE 00 00 00 00 AA BB CC 11 22 33 77 00 38 39 38 36 30 36 31 36 30 32 30 30 34 32 36 38 39 35 37 35 03 F5 02 00 0C 00 23 23 
   [mylog-info][INFO] [2017-05-15 09:51:01] com.haro.netty.iot.netty.handler.ServerHandler.channelRead(208) | 5F 59 44 5F 02 EE 00 00 00 00 AA BB CC 11 22 33 77 00 38 39 38 36 30 36 31 36 30 32 30 30 34 32 36 38 39 35 37 35 03 F6 00 00 23 23 
   [mylog-info][INFO] [2017-05-15 09:51:01] com.haro.netty.iot.netty.handler.ServerHandler.channelRead(189) | EE 00 00 00 00 AA BB CC 11 22 33 77 00 
   [mylog-info][INFO] [2017-05-15 09:51:01] com.haro.netty.iot.netty.handler.ServerHandler.channelRead(206) | 5F 59 44 5F 02 EE 00 00 00 00 AA BB CC 11 22 33 77 00 38 39 38 36 30 36 31 36 30 32 30 30 34 32 36 38 39 35 37 35 03 F5 02 00 0C 00 23 23 
   [mylog-info][INFO] [2017-05-15 09:51:01] com.haro.netty.iot.netty.handler.ServerHandler.channelRead(208) | 5F 59 44 5F 02 EE 00 00 00 00 AA BB CC 11 22 33 77 00 38 39 38 36 30 36 31 36 30 32 30 30 34 32 36 38 39 35 37 35 03 F6 00 00 23 23 
   [mylog-info][INFO] [2017-05-15 09:51:04] com.haro.netty.iot.netty.handler.ServerHandler.channelRead(189) | EE 00 00 00 00 AA BB CC 11 22 33 77 00 
   [mylog-info][INFO] [2017-05-15 09:51:04] com.haro.netty.iot.netty.handler.ServerHandler.channelRead(206) | 5F 59 44 5F 02 EE 00 00 00 00 AA BB CC 11 22 33 77 00 38 39 38 36 30 36 31 36 30 32 30 30 34 32 36 38 39 35 37 35 03 F5 02 00 0C 00 23 23 
   [mylog-info][INFO] [2017-05-15 09:51:04] com.haro.netty.iot.netty.handler.ServerHandler.channelRead(208) | 5F 59 44 5F 02 EE 00 00 00 00 AA BB CC 11 22 33 77 00 38 39 38 36 30 36 31 36 30 32 30 30 34 32 36 38 39 35 37 35 03 F6 00 00 23 23 
   [mylog-info][INFO] [2017-05-15 09:51:07] com.haro.netty.iot.netty.handler.ServerHandler.channelRead(189) | EE 00 00 00 00 AA BB CC 11 22 33 77 00 
   [mylog-info][INFO] [2017-05-15 09:51:07] com.haro.netty.iot.netty.handler.ServerHandler.channelRead(206) | 5F 59 44 5F 02 EE 00 00 00 00 AA BB CC 11 22 33 77 00 38 39 38 36 30 36 31 36 30 32 30 30 34 32 36 38 39 35 37 35 03 F5 02 00 0C 00 23 23 
   [mylog-info][INFO] [2017-05-15 09:51:07] com.haro.netty.iot.netty.handler.ServerHandler.channelRead(208) | 5F 59 44 5F 02 EE 00 00 00 00 AA BB CC 11 22 33 77 00 38 39 38 36 30 36 31 36 30 32 30 30 34 32 36 38 39 35 37 35 03 F6 00 00 23 23 
   [mylog-info][INFO] [2017-05-15 09:51:10] com.haro.netty.iot.netty.handler.ServerHandler.channelRead(189) | EE 00 00 00 00 AA BB CC 11 22 33 77 00 
   [mylog-info][INFO] [2017-05-15 09:51:10] com.haro.netty.iot.netty.handler.ServerHandler.channelRead(206) | 5F 59 44 5F 02 EE 00 00 00 00 AA BB CC 11 22 33 77 00 38 39 38 36 30 36 31 36 30 32 30 30 34 32 36 38 39 35 37 35 03 F5 02 00 0C 00 23 23 
   [mylog-info][INFO] [2017-05-15 09:51:10] com.haro.netty.iot.netty.handler.ServerHandler.channelRead(208) | 5F 59 44 5F 02 EE 00 00 00 00 AA BB CC 11 22 33 77 00 38 39 38 36 30 36 31 36 30 32 30 30 34 32 36 38 39 35 37 35 03 F6 00 00 23 23 
   [mylog-info][INFO] [2017-05-15 09:51:13] com.haro.netty.iot.netty.handler.ServerHandler.channelRead(189) | EE 00 00 00 00 AA BB CC 11 22 33 77 00 
   [mylog-info][INFO] [2017-05-15 09:51:13] com.haro.netty.iot.netty.handler.ServerHandler.channelRead(206) | 5F 59 44 5F 02 EE 00 00 00 00 AA BB CC 11 22 33 77 00 38 39 38 36 30 36 31 36 30 32 30 30 34 32 36 38 39 35 37 35 03 F5 02 00 0C 00 23 23 
   [mylog-info][INFO] [2017-05-15 09:51:13] com.haro.netty.iot.netty.handler.ServerHandler.channelRead(208) | 5F 59 44 5F 02 EE 00 00 00 00 AA BB CC 11 22 33 77 00 38 39 38 36 30 36 31 36 30 32 30 30 34 32 36 38 39 35 37 35 03 F6 00 00 23 23 
   [mylog-info][INFO] [2017-05-15 09:51:16] com.haro.netty.iot.netty.handler.ServerHandler.channelRead(189) | EE 00 00 00 00 AA BB CC 11 22 33 77 00 
   [mylog-info][INFO] [2017-05-15 09:51:16] com.haro.netty.iot.netty.handler.ServerHandler.channelRead(206) | 5F 59 44 5F 02 EE 00 00 00 00 AA BB CC 11 22 33 77 00 38 39 38 36 30 36 31 36 30 32 30 30 34 32 36 38 39 35 37 35 03 F5 02 00 0C 00 23 23 
   [mylog-info][INFO] [2017-05-15 09:51:16] com.haro.netty.iot.netty.handler.ServerHandler.channelRead(208) | 5F 59 44 5F 02 EE 00 00 00 00 AA BB CC 11 22 33 77 00 38 39 38 36 30 36 31 36 30 32 30 30 34 32 36 38 39 35 37 35 03 F6 00 00 23 23 
   [mylog-info][INFO] [2017-05-15 09:51:19] com.haro.netty.iot.netty.handler.ServerHandler.channelRead(189) | EE 00 00 00 00 AA BB CC 11 22 33 77 00 
   [mylog-info][INFO] [2017-05-15 09:51:19] com.haro.netty.iot.netty.handler.ServerHandler.channelRead(206) | 5F 59 44 5F 02 EE 00 00 00 00 AA BB CC 11 22 33 77 00 38 39 38 36 30 36 31 36 30 32 30 30 34 32 36 38 39 35 37 35 03 F5 02 00 0C 00 23 23 
   [mylog-info][INFO] [2017-05-15 09:51:19] com.haro.netty.iot.netty.handler.ServerHandler.channelRead(208) | 5F 59 44 5F 02 EE 00 00 00 00 AA BB CC 11 22 33 77 00 38 39 38 36 30 36 31 36 30 32 30 30 34 32 36 38 39 35 37 35 03 F6 00 00 23 23 
   [mylog-info][INFO] [2017-05-15 09:51:22] com.haro.netty.iot.netty.handler.ServerHandler.channelRead(189) | EE 00 00 00 00 AA BB CC 11 22 33 77 00 
   [mylog-info][INFO] [2017-05-15 09:51:22] com.haro.netty.iot.netty.handler.ServerHandler.channelRead(206) | 5F 59 44 5F 02 EE 00 00 00 00 AA BB CC 11 22 33 77 00 38 39 38 36 30 36 31 36 30 32 30 30 34 32 36 38 39 35 37 35 03 F5 02 00 0C 00 23 23 
   [mylog-info][INFO] [2017-05-15 09:51:22] com.haro.netty.iot.netty.handler.ServerHandler.channelRead(208) | 5F 59 44 5F 02 EE 00 00 00 00 AA BB CC 11 22 33 77 00 38 39 38 36 30 36 31 36 30 32 30 30 34 32 36 38 39 35 37 35 03 F6 00 00 23 23 
   [mylog-info][INFO] [2017-05-15 09:51:25] com.haro.netty.iot.netty.handler.ServerHandler.channelRead(189) | EE 00 00 00 00 AA BB CC 11 22 33 77 00 
   [mylog-info][INFO] [2017-05-15 09:51:25] com.haro.netty.iot.netty.handler.ServerHandler.channelRead(206) | 5F 59 44 5F 02 EE 00 00 00 00 AA BB CC 11 22 33 77 00 38 39 38 36 30 36 31 36 30 32 30 30 34 32 36 38 39 35 37 35 03 F5 02 00 0C 00 23 23 
   [mylog-info][INFO] [2017-05-15 09:51:25] com.haro.netty.iot.netty.handler.ServerHandler.channelRead(208) | 5F 59 44 5F 02 EE 00 00 00 00 AA BB CC 11 22 33 77 00 38 39 38 36 30 36 31 36 30 32 30 30 34 32 36 38 39 35 37 35 03 F6 00 00 23 23 
   [mylog-info][INFO] [2017-05-15 09:51:28] com.haro.netty.iot.netty.handler.ServerHandler.channelRead(189) | EE 00 00 00 00 AA BB CC 11 22 33 77 00 
   [mylog-info][INFO] [2017-05-15 09:51:28] com.haro.netty.iot.netty.handler.ServerHandler.channelRead(206) | 5F 59 44 5F 02 EE 00 00 00 00 AA BB CC 11 22 33 77 00 38 39 38 36 30 36 31 36 30 32 30 30 34 32 36 38 39 35 37 35 03 F5 02 00 0C 00 23 23 
   [mylog-info][INFO] [2017-05-15 09:51:28] com.haro.netty.iot.netty.handler.ServerHandler.channelRead(208) | 5F 59 44 5F 02 EE 00 00 00 00 AA BB CC 11 22 33 77 00 38 39 38 36 30 36 31 36 30 32 30 30 34 32 36 38 39 35 37 35 03 F6 00 00 23 23 
   [mylog-info][INFO] [2017-05-15 09:51:31] com.haro.netty.iot.netty.handler.ServerHandler.channelRead(189) | EE 00 00 00 00 AA BB CC 11 22 33 77 00 
   [mylog-info][INFO] [2017-05-15 09:51:31] com.haro.netty.iot.netty.handler.ServerHandler.channelRead(206) | 5F 59 44 5F 02 EE 00 00 00 00 AA BB CC 11 22 33 77 00 38 39 38 36 30 36 31 36 30 32 30 30 34 32 36 38 39 35 37 35 03 F5 02 00 0C 00 23 23 
   [mylog-info][INFO] [2017-05-15 09:51:31] com.haro.netty.iot.netty.handler.ServerHandler.channelRead(208) | 5F 59 44 5F 02 EE 00 00 00 00 AA BB CC 11 22 33 77 00 38 39 38 36 30 36 31 36 30 32 30 30 34 32 36 38 39 35 37 35 03 F6 00 00 23 23 
   [mylog-info][INFO] [2017-05-15 09:51:34] com.haro.netty.iot.netty.handler.ServerHandler.channelRead(189) | EE 00 00 00 00 AA BB CC 11 22 33 77 00 
   [mylog-info][INFO] [2017-05-15 09:51:34] com.haro.netty.iot.netty.handler.ServerHandler.channelRead(206) | 5F 59 44 5F 02 EE 00 00 00 00 AA BB CC 11 22 33 77 00 38 39 38 36 30 36 31 36 30 32 30 30 34 32 36 38 39 35 37 35 03 F5 02 00 0C 00 23 23 
   [mylog-info][INFO] [2017-05-15 09:51:34] com.haro.netty.iot.netty.handler.ServerHandler.channelRead(208) | 5F 59 44 5F 02 EE 00 00 00 00 AA BB CC 11 22 33 77 00 38 39 38 36 30 36 31 36 30 32 30 30 34 32 36 38 39 35 37 35 03 F6 00 00 23 23 
   [mylog-info][INFO] [2017-05-15 09:51:37] com.haro.netty.iot.netty.handler.ServerHandler.channelRead(189) | EE 00 00 00 00 AA BB CC 11 22 33 77 00 
   [mylog-info][INFO] [2017-05-15 09:51:37] com.haro.netty.iot.netty.handler.ServerHandler.channelRead(206) | 5F 59 44 5F 02 EE 00 00 00 00 AA BB CC 11 22 33 77 00 38 39 38 36 30 36 31 36 30 32 30 30 34 32 36 38 39 35 37 35 03 F5 02 00 0C 00 23 23 
   [mylog-info][INFO] [2017-05-15 09:51:37] com.haro.netty.iot.netty.handler.ServerHandler.channelRead(208) | 5F 59 44 5F 02 EE 00 00 00 00 AA BB CC 11 22 33 77 00 38 39 38 36 30 36 31 36 30 32 30 30 34 32 36 38 39 35 37 35 03 F6 00 00 23 23 
   [mylog-info][INFO] [2017-05-15 09:51:40] com.haro.netty.iot.netty.handler.ServerHandler.channelRead(189) | EE 00 00 00 00 AA BB CC 11 22 33 77 00 
   [mylog-info][INFO] [2017-05-15 09:51:40] com.haro.netty.iot.netty.handler.ServerHandler.channelRead(206) | 5F 59 44 5F 02 EE 00 00 00 00 AA BB CC 11 22 33 77 00 38 39 38 36 30 36 31 36 30 32 30 30 34 32 36 38 39 35 37 35 03 F5 02 00 0C 00 23 23 
   [mylog-info][INFO] [2017-05-15 09:51:40] com.haro.netty.iot.netty.handler.ServerHandler.channelRead(208) | 5F 59 44 5F 02 EE 00 00 00 00 AA BB CC 11 22 33 77 00 38 39 38 36 30 36 31 36 30 32 30 30 34 32 36 38 39 35 37 35 03 F6 00 00 23 23 
   [mylog-info][INFO] [2017-05-15 09:51:42] com.haro.netty.iot.netty.handler.ServerHandler.channelInactive(84) | client: /127.0.0.1:51192channelInactive
   [mylog-info][INFO] [2017-05-15 09:52:12] com.haro.netty.iot.netty.handler.ServerHandler.channelRegistered(49) | client: /127.0.0.1:51226channelRegistered
   [mylog-info][INFO] [2017-05-15 09:52:12] com.haro.netty.iot.netty.handler.ServerHandler.channelActive(70) | client: /127.0.0.1:51226channelInactive
   [mylog-info][INFO] [2017-05-15 09:52:15] com.haro.netty.iot.netty.handler.ServerHandler.channelRead(189) | EE 00 00 00 00 AA BB CC 11 22 33 77 00 
   [mylog-info][INFO] [2017-05-15 09:52:15] com.haro.netty.iot.netty.handler.ServerHandler.channelRead(206) | 5F 59 44 5F 02 EE 00 00 00 00 AA BB CC 11 22 33 77 00 38 39 38 36 30 36 31 36 30 32 30 30 34 32 36 38 39 35 37 35 03 F5 02 00 0C 00 23 23 
   [mylog-info][INFO] [2017-05-15 09:52:15] com.haro.netty.iot.netty.handler.ServerHandler.channelRead(208) | 5F 59 44 5F 02 EE 00 00 00 00 AA BB CC 11 22 33 77 00 38 39 38 36 30 36 31 36 30 32 30 30 34 32 36 38 39 35 37 35 03 F6 00 00 23 23 
   [mylog-info][INFO] [2017-05-15 09:53:09] com.haro.netty.iot.netty.handler.ServerHandler.channelInactive(84) | client: /127.0.0.1:51226channelInactive
   [mylog-info][INFO] [2017-05-15 09:53:18] com.haro.netty.iot.netty.handler.ServerHandler.channelRegistered(49) | client: /127.0.0.1:51247channelRegistered
   [mylog-info][INFO] [2017-05-15 09:53:18] com.haro.netty.iot.netty.handler.ServerHandler.channelActive(70) | client: /127.0.0.1:51247channelInactive
   [mylog-info][INFO] [2017-05-15 09:53:19] com.haro.netty.iot.netty.handler.ServerHandler.channelRead(189) | EE 00 00 00 00 AA BB CC 11 22 33 77 00 
   [mylog-info][INFO] [2017-05-15 09:53:19] com.haro.netty.iot.netty.handler.ServerHandler.channelRead(206) | 5F 59 44 5F 02 EE 00 00 00 00 AA BB CC 11 22 33 77 00 38 39 38 36 30 36 31 36 30 32 30 30 34 32 36 38 39 35 37 35 03 F5 02 00 0C 00 23 23 
   [mylog-info][INFO] [2017-05-15 09:53:19] com.haro.netty.iot.netty.handler.ServerHandler.channelRead(208) | 5F 59 44 5F 02 EE 00 00 00 00 AA BB CC 11 22 33 77 00 38 39 38 36 30 36 31 36 30 32 30 30 34 32 36 38 39 35 37 35 03 F6 00 00 23 23 
   [mylog-info][INFO] [2017-05-15 09:53:51] com.haro.netty.iot.netty.handler.ServerHandler.channelInactive(84) | client: /127.0.0.1:51247channelInactive
   [mylog-info][INFO] [2017-05-15 09:54:02] com.haro.netty.iot.netty.handler.ServerHandler.channelRegistered(49) | client: /127.0.0.1:51262channelRegistered
   [mylog-info][INFO] [2017-05-15 09:54:02] com.haro.netty.iot.netty.handler.ServerHandler.channelActive(70) | client: /127.0.0.1:51262channelInactive
   [mylog-info][INFO] [2017-05-15 09:54:06] com.haro.netty.iot.netty.handler.ServerHandler.channelRead(189) | EE 00 00 00 00 AA BB CC 11 22 33 77 00 
   [mylog-info][INFO] [2017-05-15 09:54:06] com.haro.netty.iot.netty.handler.ServerHandler.channelRead(206) | 5F 59 44 5F 02 EE 00 00 00 00 AA BB CC 11 22 33 77 00 38 39 38 36 30 36 31 36 30 32 30 30 34 32 36 38 39 35 37 35 03 F5 02 00 0C 00 23 23 
   [mylog-info][INFO] [2017-05-15 09:54:06] com.haro.netty.iot.netty.handler.ServerHandler.channelRead(208) | 5F 59 44 5F 02 EE 00 00 00 00 AA BB CC 11 22 33 77 00 38 39 38 36 30 36 31 36 30 32 30 30 34 32 36 38 39 35 37 35 03 F6 00 00 23 23 
   [mylog-info][INFO] [2017-05-15 09:54:07] com.haro.netty.iot.netty.handler.ServerHandler.channelRead(189) | EE 00 00 00 00 AA BB CC 11 22 33 77 00 
   [mylog-info][INFO] [2017-05-15 09:54:07] com.haro.netty.iot.netty.handler.ServerHandler.channelRead(206) | 5F 59 44 5F 02 EE 00 00 00 00 AA BB CC 11 22 33 77 00 38 39 38 36 30 36 31 36 30 32 30 30 34 32 36 38 39 35 37 35 03 F5 02 00 0C 00 23 23 
   [mylog-info][INFO] [2017-05-15 09:54:07] com.haro.netty.iot.netty.handler.ServerHandler.channelRead(208) | 5F 59 44 5F 02 EE 00 00 00 00 AA BB CC 11 22 33 77 00 38 39 38 36 30 36 31 36 30 32 30 30 34 32 36 38 39 35 37 35 03 F6 00 00 23 23 
   [mylog-info][INFO] [2017-05-15 09:54:08] com.haro.netty.iot.netty.handler.ServerHandler.channelRead(189) | EE 00 00 00 00 AA BB CC 11 22 33 77 00 
   [mylog-info][INFO] [2017-05-15 09:54:08] com.haro.netty.iot.netty.handler.ServerHandler.channelRead(206) | 5F 59 44 5F 02 EE 00 00 00 00 AA BB CC 11 22 33 77 00 38 39 38 36 30 36 31 36 30 32 30 30 34 32 36 38 39 35 37 35 03 F5 02 00 0C 00 23 23 
   [mylog-info][INFO] [2017-05-15 09:54:08] com.haro.netty.iot.netty.handler.ServerHandler.channelRead(208) | 5F 59 44 5F 02 EE 00 00 00 00 AA BB CC 11 22 33 77 00 38 39 38 36 30 36 31 36 30 32 30 30 34 32 36 38 39 35 37 35 03 F6 00 00 23 23 
   [mylog-info][INFO] [2017-05-15 09:55:04] com.haro.netty.iot.netty.handler.ServerHandler.channelInactive(84) | client: /127.0.0.1:51262channelInactive
   [mylog-info][INFO] [2017-05-15 10:13:26] org.springframework.web.context.ContextLoader.initWebApplicationContext(305) | Root WebApplicationContext: initialization started
   [mylog-info][INFO] [2017-05-15 10:13:26] org.springframework.context.support.AbstractApplicationContext.prepareRefresh(578) | Refreshing Root WebApplicationContext: startup date [Mon May 15 10:13:26 CST 2017]; root of context hierarchy
   [mylog-info][INFO] [2017-05-15 10:13:26] org.springframework.beans.factory.xml.XmlBeanDefinitionReader.loadBeanDefinitions(317) | Loading XML bean definitions from class path resource [spring.xml]
   [mylog-info][INFO] [2017-05-15 10:13:27] org.springframework.beans.factory.xml.XmlBeanDefinitionReader.loadBeanDefinitions(317) | Loading XML bean definitions from class path resource [spring-mybatis.xml]
   [mylog-info][WARN] [2017-05-15 10:13:27] org.mybatis.spring.mapper.ClassPathMapperScanner.checkCandidate(226) | Skipping MapperFactoryBean with name 'deviceStatusMapper' and 'com.haro.netty.test.mapper.DeviceStatusMapper' mapperInterface. Bean already defined with the same name!
   [mylog-info][WARN] [2017-05-15 10:13:27] org.mybatis.spring.mapper.ClassPathMapperScanner.doScan(158) | No MyBatis mapper was found in '[com.haro.netty.test.mapper]' package. Please check your configuration.
   [mylog-info][INFO] [2017-05-15 10:13:27] org.springframework.core.io.support.PropertiesLoaderSupport.loadProperties(172) | Loading properties file from class path resource [dbconfig.properties]
   [mylog-info][INFO] [2017-05-15 10:13:27] org.springframework.beans.factory.annotation.AutowiredAnnotationBeanPostProcessor.<init>(153) | JSR-330 'javax.inject.Inject' annotation found and supported for autowiring
   [mylog-info][INFO] [2017-05-15 10:13:27] com.alibaba.druid.pool.DruidDataSource.init(655) | {dataSource-1} inited
   [mylog-info][INFO] [2017-05-15 10:13:28] org.springframework.web.context.ContextLoader.initWebApplicationContext(345) | Root WebApplicationContext: initialization completed in 1329 ms
   [mylog-info][INFO] [2017-05-15 10:13:28] org.springframework.web.servlet.FrameworkServlet.initServletBean(487) | FrameworkServlet 'rest': initialization started
   [mylog-info][INFO] [2017-05-15 10:13:28] org.springframework.context.support.AbstractApplicationContext.prepareRefresh(578) | Refreshing WebApplicationContext for namespace 'rest-servlet': startup date [Mon May 15 10:13:28 CST 2017]; parent: Root WebApplicationContext
   [mylog-info][INFO] [2017-05-15 10:13:28] org.springframework.beans.factory.xml.XmlBeanDefinitionReader.loadBeanDefinitions(317) | Loading XML bean definitions from class path resource [spring-mvc.xml]
   [mylog-info][INFO] [2017-05-15 10:13:28] org.springframework.beans.factory.annotation.AutowiredAnnotationBeanPostProcessor.<init>(153) | JSR-330 'javax.inject.Inject' annotation found and supported for autowiring
   [mylog-info][INFO] [2017-05-15 10:13:29] org.springframework.web.servlet.FrameworkServlet.initServletBean(506) | FrameworkServlet 'rest': initialization completed in 1000 ms
   [mylog-info][INFO] [2017-05-15 10:14:55] com.haro.netty.iot.netty.handler.ServerHandler.channelRegistered(49) | client: /127.0.0.1:51634channelRegistered
   [mylog-info][INFO] [2017-05-15 10:14:55] com.haro.netty.iot.netty.handler.ServerHandler.channelActive(70) | client: /127.0.0.1:51634channelInactive
   [mylog-info][INFO] [2017-05-15 10:14:56] com.haro.netty.iot.netty.handler.ServerHandler.channelRead(189) | EE 00 00 00 00 AA BB CC 11 22 33 77 00 
   [mylog-info][INFO] [2017-05-15 10:14:56] com.haro.netty.iot.netty.handler.ServerHandler.channelRead(206) | 5F 59 44 5F 02 EE 00 00 00 00 AA BB CC 11 22 33 77 00 38 39 38 36 30 36 31 36 30 32 30 30 34 32 36 38 39 35 37 35 03 F5 02 00 0C 00 23 23 
   [mylog-info][INFO] [2017-05-15 10:14:56] com.haro.netty.iot.netty.handler.ServerHandler.channelRead(208) | 5F 59 44 5F 02 EE 00 00 00 00 AA BB CC 11 22 33 77 00 38 39 38 36 30 36 31 36 30 32 30 30 34 32 36 38 39 35 37 35 03 F6 00 00 23 23 
   [mylog-info][INFO] [2017-05-15 10:14:59] com.haro.netty.iot.netty.handler.ServerHandler.channelRead(189) | EE 00 00 00 00 AA BB CC 11 22 33 77 00 
   [mylog-info][INFO] [2017-05-15 10:14:59] com.haro.netty.iot.netty.handler.ServerHandler.channelRead(206) | 5F 59 44 5F 02 EE 00 00 00 00 AA BB CC 11 22 33 77 00 38 39 38 36 30 36 31 36 30 32 30 30 34 32 36 38 39 35 37 35 03 F5 02 00 0C 00 23 23 
   [mylog-info][INFO] [2017-05-15 10:14:59] com.haro.netty.iot.netty.handler.ServerHandler.channelRead(208) | 5F 59 44 5F 02 EE 00 00 00 00 AA BB CC 11 22 33 77 00 38 39 38 36 30 36 31 36 30 32 30 30 34 32 36 38 39 35 37 35 03 F6 00 00 23 23 
   [mylog-info][INFO] [2017-05-15 10:15:02] com.haro.netty.iot.netty.handler.ServerHandler.channelRead(189) | EE 00 00 00 00 AA BB CC 11 22 33 77 00 
   [mylog-info][INFO] [2017-05-15 10:15:02] com.haro.netty.iot.netty.handler.ServerHandler.channelRead(206) | 5F 59 44 5F 02 EE 00 00 00 00 AA BB CC 11 22 33 77 00 38 39 38 36 30 36 31 36 30 32 30 30 34 32 36 38 39 35 37 35 03 F5 02 00 0C 00 23 23 
   [mylog-info][INFO] [2017-05-15 10:15:02] com.haro.netty.iot.netty.handler.ServerHandler.channelRead(208) | 5F 59 44 5F 02 EE 00 00 00 00 AA BB CC 11 22 33 77 00 38 39 38 36 30 36 31 36 30 32 30 30 34 32 36 38 39 35 37 35 03 F6 00 00 23 23 
   [mylog-info][INFO] [2017-05-15 10:15:05] com.haro.netty.iot.netty.handler.ServerHandler.channelRead(189) | EE 00 00 00 00 AA BB CC 11 22 33 77 00 
   [mylog-info][INFO] [2017-05-15 10:15:05] com.haro.netty.iot.netty.handler.ServerHandler.channelRead(206) | 5F 59 44 5F 02 EE 00 00 00 00 AA BB CC 11 22 33 77 00 38 39 38 36 30 36 31 36 30 32 30 30 34 32 36 38 39 35 37 35 03 F5 02 00 0C 00 23 23 
   [mylog-info][INFO] [2017-05-15 10:15:05] com.haro.netty.iot.netty.handler.ServerHandler.channelRead(208) | 5F 59 44 5F 02 EE 00 00 00 00 AA BB CC 11 22 33 77 00 38 39 38 36 30 36 31 36 30 32 30 30 34 32 36 38 39 35 37 35 03 F6 00 00 23 23 
   [mylog-info][INFO] [2017-05-15 10:15:08] com.haro.netty.iot.netty.handler.ServerHandler.channelRead(189) | EE 00 00 00 00 AA BB CC 11 22 33 77 00 
   [mylog-info][INFO] [2017-05-15 10:15:08] com.haro.netty.iot.netty.handler.ServerHandler.channelRead(206) | 5F 59 44 5F 02 EE 00 00 00 00 AA BB CC 11 22 33 77 00 38 39 38 36 30 36 31 36 30 32 30 30 34 32 36 38 39 35 37 35 03 F5 02 00 0C 00 23 23 
   [mylog-info][INFO] [2017-05-15 10:15:08] com.haro.netty.iot.netty.handler.ServerHandler.channelRead(208) | 5F 59 44 5F 02 EE 00 00 00 00 AA BB CC 11 22 33 77 00 38 39 38 36 30 36 31 36 30 32 30 30 34 32 36 38 39 35 37 35 03 F6 00 00 23 23 
   [mylog-info][INFO] [2017-05-15 10:15:11] com.haro.netty.iot.netty.handler.ServerHandler.channelRead(189) | EE 00 00 00 00 AA BB CC 11 22 33 77 00 
   [mylog-info][INFO] [2017-05-15 10:15:11] com.haro.netty.iot.netty.handler.ServerHandler.channelRead(206) | 5F 59 44 5F 02 EE 00 00 00 00 AA BB CC 11 22 33 77 00 38 39 38 36 30 36 31 36 30 32 30 30 34 32 36 38 39 35 37 35 03 F5 02 00 0C 00 23 23 
   [mylog-info][INFO] [2017-05-15 10:15:11] com.haro.netty.iot.netty.handler.ServerHandler.channelRead(208) | 5F 59 44 5F 02 EE 00 00 00 00 AA BB CC 11 22 33 77 00 38 39 38 36 30 36 31 36 30 32 30 30 34 32 36 38 39 35 37 35 03 F6 00 00 23 23 
   [mylog-info][INFO] [2017-05-15 10:15:14] com.haro.netty.iot.netty.handler.ServerHandler.channelRead(189) | EE 00 00 00 00 AA BB CC 11 22 33 77 00 
   [mylog-info][INFO] [2017-05-15 10:15:14] com.haro.netty.iot.netty.handler.ServerHandler.channelRead(206) | 5F 59 44 5F 02 EE 00 00 00 00 AA BB CC 11 22 33 77 00 38 39 38 36 30 36 31 36 30 32 30 30 34 32 36 38 39 35 37 35 03 F5 02 00 0C 00 23 23 
   [mylog-info][INFO] [2017-05-15 10:15:14] com.haro.netty.iot.netty.handler.ServerHandler.channelRead(208) | 5F 59 44 5F 02 EE 00 00 00 00 AA BB CC 11 22 33 77 00 38 39 38 36 30 36 31 36 30 32 30 30 34 32 36 38 39 35 37 35 03 F6 00 00 23 23 
   [mylog-info][INFO] [2017-05-15 10:15:17] com.haro.netty.iot.netty.handler.ServerHandler.channelRead(189) | EE 00 00 00 00 AA BB CC 11 22 33 77 00 
   [mylog-info][INFO] [2017-05-15 10:15:17] com.haro.netty.iot.netty.handler.ServerHandler.channelRead(206) | 5F 59 44 5F 02 EE 00 00 00 00 AA BB CC 11 22 33 77 00 38 39 38 36 30 36 31 36 30 32 30 30 34 32 36 38 39 35 37 35 03 F5 02 00 0C 00 23 23 
   [mylog-info][INFO] [2017-05-15 10:15:17] com.haro.netty.iot.netty.handler.ServerHandler.channelRead(208) | 5F 59 44 5F 02 EE 00 00 00 00 AA BB CC 11 22 33 77 00 38 39 38 36 30 36 31 36 30 32 30 30 34 32 36 38 39 35 37 35 03 F6 00 00 23 23 
   [mylog-info][INFO] [2017-05-15 10:15:20] com.haro.netty.iot.netty.handler.ServerHandler.channelRead(189) | EE 00 00 00 00 AA BB CC 11 22 33 77 00 
   [mylog-info][INFO] [2017-05-15 10:15:20] com.haro.netty.iot.netty.handler.ServerHandler.channelRead(206) | 5F 59 44 5F 02 EE 00 00 00 00 AA BB CC 11 22 33 77 00 38 39 38 36 30 36 31 36 30 32 30 30 34 32 36 38 39 35 37 35 03 F5 02 00 0C 00 23 23 
   [mylog-info][INFO] [2017-05-15 10:15:20] com.haro.netty.iot.netty.handler.ServerHandler.channelRead(208) | 5F 59 44 5F 02 EE 00 00 00 00 AA BB CC 11 22 33 77 00 38 39 38 36 30 36 31 36 30 32 30 30 34 32 36 38 39 35 37 35 03 F6 00 00 23 23 
   [mylog-info][INFO] [2017-05-15 10:15:23] com.haro.netty.iot.netty.handler.ServerHandler.channelRead(189) | EE 00 00 00 00 AA BB CC 11 22 33 77 00 
   [mylog-info][INFO] [2017-05-15 10:15:23] com.haro.netty.iot.netty.handler.ServerHandler.channelRead(206) | 5F 59 44 5F 02 EE 00 00 00 00 AA BB CC 11 22 33 77 00 38 39 38 36 30 36 31 36 30 32 30 30 34 32 36 38 39 35 37 35 03 F5 02 00 0C 00 23 23 
   [mylog-info][INFO] [2017-05-15 10:15:23] com.haro.netty.iot.netty.handler.ServerHandler.channelRead(208) | 5F 59 44 5F 02 EE 00 00 00 00 AA BB CC 11 22 33 77 00 38 39 38 36 30 36 31 36 30 32 30 30 34 32 36 38 39 35 37 35 03 F6 00 00 23 23 
   [mylog-info][INFO] [2017-05-15 10:15:26] com.haro.netty.iot.netty.handler.ServerHandler.channelRead(189) | EE 00 00 00 00 AA BB CC 11 22 33 77 00 
   [mylog-info][INFO] [2017-05-15 10:15:26] com.haro.netty.iot.netty.handler.ServerHandler.channelRead(206) | 5F 59 44 5F 02 EE 00 00 00 00 AA BB CC 11 22 33 77 00 38 39 38 36 30 36 31 36 30 32 30 30 34 32 36 38 39 35 37 35 03 F5 02 00 0C 00 23 23 
   [mylog-info][INFO] [2017-05-15 10:15:26] com.haro.netty.iot.netty.handler.ServerHandler.channelRead(208) | 5F 59 44 5F 02 EE 00 00 00 00 AA BB CC 11 22 33 77 00 38 39 38 36 30 36 31 36 30 32 30 30 34 32 36 38 39 35 37 35 03 F6 00 00 23 23 
   [mylog-info][INFO] [2017-05-15 10:15:29] com.haro.netty.iot.netty.handler.ServerHandler.channelRead(189) | EE 00 00 00 00 AA BB CC 11 22 33 77 00 
   [mylog-info][INFO] [2017-05-15 10:15:29] com.haro.netty.iot.netty.handler.ServerHandler.channelRead(206) | 5F 59 44 5F 02 EE 00 00 00 00 AA BB CC 11 22 33 77 00 38 39 38 36 30 36 31 36 30 32 30 30 34 32 36 38 39 35 37 35 03 F5 02 00 0C 00 23 23 
   [mylog-info][INFO] [2017-05-15 10:15:29] com.haro.netty.iot.netty.handler.ServerHandler.channelRead(208) | 5F 59 44 5F 02 EE 00 00 00 00 AA BB CC 11 22 33 77 00 38 39 38 36 30 36 31 36 30 32 30 30 34 32 36 38 39 35 37 35 03 F6 00 00 23 23 
   [mylog-info][INFO] [2017-05-15 10:15:32] com.haro.netty.iot.netty.handler.ServerHandler.channelRead(189) | EE 00 00 00 00 AA BB CC 11 22 33 77 00 
   [mylog-info][INFO] [2017-05-15 10:15:32] com.haro.netty.iot.netty.handler.ServerHandler.channelRead(206) | 5F 59 44 5F 02 EE 00 00 00 00 AA BB CC 11 22 33 77 00 38 39 38 36 30 36 31 36 30 32 30 30 34 32 36 38 39 35 37 35 03 F5 02 00 0C 00 23 23 
   [mylog-info][INFO] [2017-05-15 10:15:32] com.haro.netty.iot.netty.handler.ServerHandler.channelRead(208) | 5F 59 44 5F 02 EE 00 00 00 00 AA BB CC 11 22 33 77 00 38 39 38 36 30 36 31 36 30 32 30 30 34 32 36 38 39 35 37 35 03 F6 00 00 23 23 
   [mylog-info][INFO] [2017-05-15 10:15:35] com.haro.netty.iot.netty.handler.ServerHandler.channelRead(189) | EE 00 00 00 00 AA BB CC 11 22 33 77 00 
   [mylog-info][INFO] [2017-05-15 10:15:35] com.haro.netty.iot.netty.handler.ServerHandler.channelRead(206) | 5F 59 44 5F 02 EE 00 00 00 00 AA BB CC 11 22 33 77 00 38 39 38 36 30 36 31 36 30 32 30 30 34 32 36 38 39 35 37 35 03 F5 02 00 0C 00 23 23 
   [mylog-info][INFO] [2017-05-15 10:15:35] com.haro.netty.iot.netty.handler.ServerHandler.channelRead(208) | 5F 59 44 5F 02 EE 00 00 00 00 AA BB CC 11 22 33 77 00 38 39 38 36 30 36 31 36 30 32 30 30 34 32 36 38 39 35 37 35 03 F6 00 00 23 23 
   [mylog-info][INFO] [2017-05-15 10:15:38] com.haro.netty.iot.netty.handler.ServerHandler.channelRead(189) | EE 00 00 00 00 AA BB CC 11 22 33 77 00 
   [mylog-info][INFO] [2017-05-15 10:15:38] com.haro.netty.iot.netty.handler.ServerHandler.channelRead(206) | 5F 59 44 5F 02 EE 00 00 00 00 AA BB CC 11 22 33 77 00 38 39 38 36 30 36 31 36 30 32 30 30 34 32 36 38 39 35 37 35 03 F5 02 00 0C 00 23 23 
   [mylog-info][INFO] [2017-05-15 10:15:38] com.haro.netty.iot.netty.handler.ServerHandler.channelRead(208) | 5F 59 44 5F 02 EE 00 00 00 00 AA BB CC 11 22 33 77 00 38 39 38 36 30 36 31 36 30 32 30 30 34 32 36 38 39 35 37 35 03 F6 00 00 23 23 
   [mylog-info][INFO] [2017-05-15 10:15:41] com.haro.netty.iot.netty.handler.ServerHandler.channelRead(189) | EE 00 00 00 00 AA BB CC 11 22 33 77 00 
   [mylog-info][INFO] [2017-05-15 10:15:41] com.haro.netty.iot.netty.handler.ServerHandler.channelRead(206) | 5F 59 44 5F 02 EE 00 00 00 00 AA BB CC 11 22 33 77 00 38 39 38 36 30 36 31 36 30 32 30 30 34 32 36 38 39 35 37 35 03 F5 02 00 0C 00 23 23 
   [mylog-info][INFO] [2017-05-15 10:15:41] com.haro.netty.iot.netty.handler.ServerHandler.channelRead(208) | 5F 59 44 5F 02 EE 00 00 00 00 AA BB CC 11 22 33 77 00 38 39 38 36 30 36 31 36 30 32 30 30 34 32 36 38 39 35 37 35 03 F6 00 00 23 23 
   [mylog-info][INFO] [2017-05-15 10:15:44] com.haro.netty.iot.netty.handler.ServerHandler.channelRead(189) | EE 00 00 00 00 AA BB CC 11 22 33 77 00 
   [mylog-info][INFO] [2017-05-15 10:15:44] com.haro.netty.iot.netty.handler.ServerHandler.channelRead(206) | 5F 59 44 5F 02 EE 00 00 00 00 AA BB CC 11 22 33 77 00 38 39 38 36 30 36 31 36 30 32 30 30 34 32 36 38 39 35 37 35 03 F5 02 00 0C 00 23 23 
   [mylog-info][INFO] [2017-05-15 10:15:44] com.haro.netty.iot.netty.handler.ServerHandler.channelRead(208) | 5F 59 44 5F 02 EE 00 00 00 00 AA BB CC 11 22 33 77 00 38 39 38 36 30 36 31 36 30 32 30 30 34 32 36 38 39 35 37 35 03 F6 00 00 23 23 
   [mylog-info][INFO] [2017-05-15 10:15:47] com.haro.netty.iot.netty.handler.ServerHandler.channelRead(189) | EE 00 00 00 00 AA BB CC 11 22 33 77 00 
   [mylog-info][INFO] [2017-05-15 10:15:47] com.haro.netty.iot.netty.handler.ServerHandler.channelRead(206) | 5F 59 44 5F 02 EE 00 00 00 00 AA BB CC 11 22 33 77 00 38 39 38 36 30 36 31 36 30 32 30 30 34 32 36 38 39 35 37 35 03 F5 02 00 0C 00 23 23 
   [mylog-info][INFO] [2017-05-15 10:15:47] com.haro.netty.iot.netty.handler.ServerHandler.channelRead(208) | 5F 59 44 5F 02 EE 00 00 00 00 AA BB CC 11 22 33 77 00 38 39 38 36 30 36 31 36 30 32 30 30 34 32 36 38 39 35 37 35 03 F6 00 00 23 23 
   [mylog-info][INFO] [2017-05-15 10:15:50] com.haro.netty.iot.netty.handler.ServerHandler.channelRead(189) | EE 00 00 00 00 AA BB CC 11 22 33 77 00 
   [mylog-info][INFO] [2017-05-15 10:15:50] com.haro.netty.iot.netty.handler.ServerHandler.channelRead(206) | 5F 59 44 5F 02 EE 00 00 00 00 AA BB CC 11 22 33 77 00 38 39 38 36 30 36 31 36 30 32 30 30 34 32 36 38 39 35 37 35 03 F5 02 00 0C 00 23 23 
   [mylog-info][INFO] [2017-05-15 10:15:50] com.haro.netty.iot.netty.handler.ServerHandler.channelRead(208) | 5F 59 44 5F 02 EE 00 00 00 00 AA BB CC 11 22 33 77 00 38 39 38 36 30 36 31 36 30 32 30 30 34 32 36 38 39 35 37 35 03 F6 00 00 23 23 
   [mylog-info][INFO] [2017-05-15 10:15:53] com.haro.netty.iot.netty.handler.ServerHandler.channelRead(189) | EE 00 00 00 00 AA BB CC 11 22 33 77 00 
   [mylog-info][INFO] [2017-05-15 10:15:53] com.haro.netty.iot.netty.handler.ServerHandler.channelRead(206) | 5F 59 44 5F 02 EE 00 00 00 00 AA BB CC 11 22 33 77 00 38 39 38 36 30 36 31 36 30 32 30 30 34 32 36 38 39 35 37 35 03 F5 02 00 0C 00 23 23 
   [mylog-info][INFO] [2017-05-15 10:15:53] com.haro.netty.iot.netty.handler.ServerHandler.channelRead(208) | 5F 59 44 5F 02 EE 00 00 00 00 AA BB CC 11 22 33 77 00 38 39 38 36 30 36 31 36 30 32 30 30 34 32 36 38 39 35 37 35 03 F6 00 00 23 23 
   [mylog-info][INFO] [2017-05-15 10:15:56] com.haro.netty.iot.netty.handler.ServerHandler.channelRead(189) | EE 00 00 00 00 AA BB CC 11 22 33 77 00 
   [mylog-info][INFO] [2017-05-15 10:15:56] com.haro.netty.iot.netty.handler.ServerHandler.channelRead(206) | 5F 59 44 5F 02 EE 00 00 00 00 AA BB CC 11 22 33 77 00 38 39 38 36 30 36 31 36 30 32 30 30 34 32 36 38 39 35 37 35 03 F5 02 00 0C 00 23 23 
   [mylog-info][INFO] [2017-05-15 10:15:56] com.haro.netty.iot.netty.handler.ServerHandler.channelRead(208) | 5F 59 44 5F 02 EE 00 00 00 00 AA BB CC 11 22 33 77 00 38 39 38 36 30 36 31 36 30 32 30 30 34 32 36 38 39 35 37 35 03 F6 00 00 23 23 
   [mylog-info][INFO] [2017-05-15 10:15:59] com.haro.netty.iot.netty.handler.ServerHandler.channelRead(189) | EE 00 00 00 00 AA BB CC 11 22 33 77 00 
   [mylog-info][INFO] [2017-05-15 10:15:59] com.haro.netty.iot.netty.handler.ServerHandler.channelRead(206) | 5F 59 44 5F 02 EE 00 00 00 00 AA BB CC 11 22 33 77 00 38 39 38 36 30 36 31 36 30 32 30 30 34 32 36 38 39 35 37 35 03 F5 02 00 0C 00 23 23 
   [mylog-info][INFO] [2017-05-15 10:15:59] com.haro.netty.iot.netty.handler.ServerHandler.channelRead(208) | 5F 59 44 5F 02 EE 00 00 00 00 AA BB CC 11 22 33 77 00 38 39 38 36 30 36 31 36 30 32 30 30 34 32 36 38 39 35 37 35 03 F6 00 00 23 23 
   [mylog-info][INFO] [2017-05-15 10:16:02] com.haro.netty.iot.netty.handler.ServerHandler.channelRead(189) | EE 00 00 00 00 AA BB CC 11 22 33 77 00 
   [mylog-info][INFO] [2017-05-15 10:16:02] com.haro.netty.iot.netty.handler.ServerHandler.channelRead(206) | 5F 59 44 5F 02 EE 00 00 00 00 AA BB CC 11 22 33 77 00 38 39 38 36 30 36 31 36 30 32 30 30 34 32 36 38 39 35 37 35 03 F5 02 00 0C 00 23 23 
   [mylog-info][INFO] [2017-05-15 10:16:02] com.haro.netty.iot.netty.handler.ServerHandler.channelRead(208) | 5F 59 44 5F 02 EE 00 00 00 00 AA BB CC 11 22 33 77 00 38 39 38 36 30 36 31 36 30 32 30 30 34 32 36 38 39 35 37 35 03 F6 00 00 23 23 
   [mylog-info][INFO] [2017-05-15 10:16:05] com.haro.netty.iot.netty.handler.ServerHandler.channelRead(189) | EE 00 00 00 00 AA BB CC 11 22 33 77 00 
   [mylog-info][INFO] [2017-05-15 10:16:05] com.haro.netty.iot.netty.handler.ServerHandler.channelRead(206) | 5F 59 44 5F 02 EE 00 00 00 00 AA BB CC 11 22 33 77 00 38 39 38 36 30 36 31 36 30 32 30 30 34 32 36 38 39 35 37 35 03 F5 02 00 0C 00 23 23 
   [mylog-info][INFO] [2017-05-15 10:16:05] com.haro.netty.iot.netty.handler.ServerHandler.channelRead(208) | 5F 59 44 5F 02 EE 00 00 00 00 AA BB CC 11 22 33 77 00 38 39 38 36 30 36 31 36 30 32 30 30 34 32 36 38 39 35 37 35 03 F6 00 00 23 23 
   [mylog-info][INFO] [2017-05-15 10:16:08] com.haro.netty.iot.netty.handler.ServerHandler.channelRead(189) | EE 00 00 00 00 AA BB CC 11 22 33 77 00 
   [mylog-info][INFO] [2017-05-15 10:16:08] com.haro.netty.iot.netty.handler.ServerHandler.channelRead(206) | 5F 59 44 5F 02 EE 00 00 00 00 AA BB CC 11 22 33 77 00 38 39 38 36 30 36 31 36 30 32 30 30 34 32 36 38 39 35 37 35 03 F5 02 00 0C 00 23 23 
   [mylog-info][INFO] [2017-05-15 10:16:08] com.haro.netty.iot.netty.handler.ServerHandler.channelRead(208) | 5F 59 44 5F 02 EE 00 00 00 00 AA BB CC 11 22 33 77 00 38 39 38 36 30 36 31 36 30 32 30 30 34 32 36 38 39 35 37 35 03 F6 00 00 23 23 
   [mylog-info][INFO] [2017-05-15 10:16:11] com.haro.netty.iot.netty.handler.ServerHandler.channelRead(189) | EE 00 00 00 00 AA BB CC 11 22 33 77 00 
   [mylog-info][INFO] [2017-05-15 10:16:11] com.haro.netty.iot.netty.handler.ServerHandler.channelRead(206) | 5F 59 44 5F 02 EE 00 00 00 00 AA BB CC 11 22 33 77 00 38 39 38 36 30 36 31 36 30 32 30 30 34 32 36 38 39 35 37 35 03 F5 02 00 0C 00 23 23 
   [mylog-info][INFO] [2017-05-15 10:16:11] com.haro.netty.iot.netty.handler.ServerHandler.channelRead(208) | 5F 59 44 5F 02 EE 00 00 00 00 AA BB CC 11 22 33 77 00 38 39 38 36 30 36 31 36 30 32 30 30 34 32 36 38 39 35 37 35 03 F6 00 00 23 23 
   [mylog-info][INFO] [2017-05-15 10:16:14] com.haro.netty.iot.netty.handler.ServerHandler.channelRead(189) | EE 00 00 00 00 AA BB CC 11 22 33 77 00 
   [mylog-info][INFO] [2017-05-15 10:16:14] com.haro.netty.iot.netty.handler.ServerHandler.channelRead(206) | 5F 59 44 5F 02 EE 00 00 00 00 AA BB CC 11 22 33 77 00 38 39 38 36 30 36 31 36 30 32 30 30 34 32 36 38 39 35 37 35 03 F5 02 00 0C 00 23 23 
   [mylog-info][INFO] [2017-05-15 10:16:14] com.haro.netty.iot.netty.handler.ServerHandler.channelRead(208) | 5F 59 44 5F 02 EE 00 00 00 00 AA BB CC 11 22 33 77 00 38 39 38 36 30 36 31 36 30 32 30 30 34 32 36 38 39 35 37 35 03 F6 00 00 23 23 
   [mylog-info][INFO] [2017-05-15 10:16:17] com.haro.netty.iot.netty.handler.ServerHandler.channelRead(189) | EE 00 00 00 00 AA BB CC 11 22 33 77 00 
   [mylog-info][INFO] [2017-05-15 10:16:17] com.haro.netty.iot.netty.handler.ServerHandler.channelRead(206) | 5F 59 44 5F 02 EE 00 00 00 00 AA BB CC 11 22 33 77 00 38 39 38 36 30 36 31 36 30 32 30 30 34 32 36 38 39 35 37 35 03 F5 02 00 0C 00 23 23 
   [mylog-info][INFO] [2017-05-15 10:16:17] com.haro.netty.iot.netty.handler.ServerHandler.channelRead(208) | 5F 59 44 5F 02 EE 00 00 00 00 AA BB CC 11 22 33 77 00 38 39 38 36 30 36 31 36 30 32 30 30 34 32 36 38 39 35 37 35 03 F6 00 00 23 23 
   [mylog-info][INFO] [2017-05-15 10:16:20] com.haro.netty.iot.netty.handler.ServerHandler.channelRead(189) | EE 00 00 00 00 AA BB CC 11 22 33 77 00 
   [mylog-info][INFO] [2017-05-15 10:16:20] com.haro.netty.iot.netty.handler.ServerHandler.channelRead(206) | 5F 59 44 5F 02 EE 00 00 00 00 AA BB CC 11 22 33 77 00 38 39 38 36 30 36 31 36 30 32 30 30 34 32 36 38 39 35 37 35 03 F5 02 00 0C 00 23 23 
   [mylog-info][INFO] [2017-05-15 10:16:20] com.haro.netty.iot.netty.handler.ServerHandler.channelRead(208) | 5F 59 44 5F 02 EE 00 00 00 00 AA BB CC 11 22 33 77 00 38 39 38 36 30 36 31 36 30 32 30 30 34 32 36 38 39 35 37 35 03 F6 00 00 23 23 
   [mylog-info][INFO] [2017-05-15 10:16:23] com.haro.netty.iot.netty.handler.ServerHandler.channelRead(189) | EE 00 00 00 00 AA BB CC 11 22 33 77 00 
   [mylog-info][INFO] [2017-05-15 10:16:23] com.haro.netty.iot.netty.handler.ServerHandler.channelRead(206) | 5F 59 44 5F 02 EE 00 00 00 00 AA BB CC 11 22 33 77 00 38 39 38 36 30 36 31 36 30 32 30 30 34 32 36 38 39 35 37 35 03 F5 02 00 0C 00 23 23 
   [mylog-info][INFO] [2017-05-15 10:16:23] com.haro.netty.iot.netty.handler.ServerHandler.channelRead(208) | 5F 59 44 5F 02 EE 00 00 00 00 AA BB CC 11 22 33 77 00 38 39 38 36 30 36 31 36 30 32 30 30 34 32 36 38 39 35 37 35 03 F6 00 00 23 23 
   [mylog-info][INFO] [2017-05-15 10:16:26] com.haro.netty.iot.netty.handler.ServerHandler.channelRead(189) | EE 00 00 00 00 AA BB CC 11 22 33 77 00 
   [mylog-info][INFO] [2017-05-15 10:16:26] com.haro.netty.iot.netty.handler.ServerHandler.channelRead(206) | 5F 59 44 5F 02 EE 00 00 00 00 AA BB CC 11 22 33 77 00 38 39 38 36 30 36 31 36 30 32 30 30 34 32 36 38 39 35 37 35 03 F5 02 00 0C 00 23 23 
   [mylog-info][INFO] [2017-05-15 10:16:26] com.haro.netty.iot.netty.handler.ServerHandler.channelRead(208) | 5F 59 44 5F 02 EE 00 00 00 00 AA BB CC 11 22 33 77 00 38 39 38 36 30 36 31 36 30 32 30 30 34 32 36 38 39 35 37 35 03 F6 00 00 23 23 
   [mylog-info][INFO] [2017-05-15 10:16:29] com.haro.netty.iot.netty.handler.ServerHandler.channelRead(189) | EE 00 00 00 00 AA BB CC 11 22 33 77 00 
   [mylog-info][INFO] [2017-05-15 10:16:29] com.haro.netty.iot.netty.handler.ServerHandler.channelRead(206) | 5F 59 44 5F 02 EE 00 00 00 00 AA BB CC 11 22 33 77 00 38 39 38 36 30 36 31 36 30 32 30 30 34 32 36 38 39 35 37 35 03 F5 02 00 0C 00 23 23 
   [mylog-info][INFO] [2017-05-15 10:16:29] com.haro.netty.iot.netty.handler.ServerHandler.channelRead(208) | 5F 59 44 5F 02 EE 00 00 00 00 AA BB CC 11 22 33 77 00 38 39 38 36 30 36 31 36 30 32 30 30 34 32 36 38 39 35 37 35 03 F6 00 00 23 23 
   [mylog-info][INFO] [2017-05-15 10:16:32] com.haro.netty.iot.netty.handler.ServerHandler.channelRead(189) | EE 00 00 00 00 AA BB CC 11 22 33 77 00 
   [mylog-info][INFO] [2017-05-15 10:16:32] com.haro.netty.iot.netty.handler.ServerHandler.channelRead(206) | 5F 59 44 5F 02 EE 00 00 00 00 AA BB CC 11 22 33 77 00 38 39 38 36 30 36 31 36 30 32 30 30 34 32 36 38 39 35 37 35 03 F5 02 00 0C 00 23 23 
   [mylog-info][INFO] [2017-05-15 10:16:32] com.haro.netty.iot.netty.handler.ServerHandler.channelRead(208) | 5F 59 44 5F 02 EE 00 00 00 00 AA BB CC 11 22 33 77 00 38 39 38 36 30 36 31 36 30 32 30 30 34 32 36 38 39 35 37 35 03 F6 00 00 23 23 
   [mylog-info][INFO] [2017-05-15 10:16:35] com.haro.netty.iot.netty.handler.ServerHandler.channelRead(189) | EE 00 00 00 00 AA BB CC 11 22 33 77 00 
   [mylog-info][INFO] [2017-05-15 10:16:35] com.haro.netty.iot.netty.handler.ServerHandler.channelRead(206) | 5F 59 44 5F 02 EE 00 00 00 00 AA BB CC 11 22 33 77 00 38 39 38 36 30 36 31 36 30 32 30 30 34 32 36 38 39 35 37 35 03 F5 02 00 0C 00 23 23 
   [mylog-info][INFO] [2017-05-15 10:16:35] com.haro.netty.iot.netty.handler.ServerHandler.channelRead(208) | 5F 59 44 5F 02 EE 00 00 00 00 AA BB CC 11 22 33 77 00 38 39 38 36 30 36 31 36 30 32 30 30 34 32 36 38 39 35 37 35 03 F6 00 00 23 23 
   [mylog-info][INFO] [2017-05-15 10:16:38] com.haro.netty.iot.netty.handler.ServerHandler.channelRead(189) | EE 00 00 00 00 AA BB CC 11 22 33 77 00 
   [mylog-info][INFO] [2017-05-15 10:16:38] com.haro.netty.iot.netty.handler.ServerHandler.channelRead(206) | 5F 59 44 5F 02 EE 00 00 00 00 AA BB CC 11 22 33 77 00 38 39 38 36 30 36 31 36 30 32 30 30 34 32 36 38 39 35 37 35 03 F5 02 00 0C 00 23 23 
   [mylog-info][INFO] [2017-05-15 10:16:38] com.haro.netty.iot.netty.handler.ServerHandler.channelRead(208) | 5F 59 44 5F 02 EE 00 00 00 00 AA BB CC 11 22 33 77 00 38 39 38 36 30 36 31 36 30 32 30 30 34 32 36 38 39 35 37 35 03 F6 00 00 23 23 
   [mylog-info][INFO] [2017-05-15 10:16:41] com.haro.netty.iot.netty.handler.ServerHandler.channelInactive(84) | client: /127.0.0.1:51634channelInactive
   [mylog-info][INFO] [2017-05-15 10:17:38] com.haro.netty.iot.netty.handler.ServerHandler.channelRegistered(49) | client: /127.0.0.1:51693channelRegistered
   [mylog-info][INFO] [2017-05-15 10:17:38] com.haro.netty.iot.netty.handler.ServerHandler.channelActive(70) | client: /127.0.0.1:51693channelInactive
   [mylog-info][INFO] [2017-05-15 10:17:38] com.haro.netty.iot.netty.handler.ServerHandler.channelRead(189) | EE 00 00 00 00 AA BB CC 11 22 33 77 00 
   [mylog-info][INFO] [2017-05-15 10:17:38] com.haro.netty.iot.netty.handler.ServerHandler.channelRead(206) | 5F 59 44 5F 02 EE 00 00 00 00 AA BB CC 11 22 33 77 00 38 39 38 36 30 36 31 36 30 32 30 30 34 32 36 38 39 35 37 35 03 F5 02 00 0C 00 23 23 5F 59 44 5F 02 EE 00 00 00 00 AA BB CC 11 22 33 44 00 38 39 38 36 30 36 31 36 30 32 30 30 34 32 36 38 39 35 37 35 03 F5 02 00 3C 00 23 23 
   [mylog-info][INFO] [2017-05-15 10:17:38] com.haro.netty.iot.netty.handler.ServerHandler.channelRead(208) | 5F 59 44 5F 02 EE 00 00 00 00 AA BB CC 11 22 33 77 00 38 39 38 36 30 36 31 36 30 32 30 30 34 32 36 38 39 35 37 35 03 F6 00 00 23 23 
   [mylog-info][INFO] [2017-05-15 10:17:41] com.haro.netty.iot.netty.handler.ServerHandler.channelRead(189) | EE 00 00 00 00 AA BB CC 11 22 33 77 00 
   [mylog-info][INFO] [2017-05-15 10:17:41] com.haro.netty.iot.netty.handler.ServerHandler.channelRead(206) | 5F 59 44 5F 02 EE 00 00 00 00 AA BB CC 11 22 33 77 00 38 39 38 36 30 36 31 36 30 32 30 30 34 32 36 38 39 35 37 35 03 F5 02 00 0C 00 23 23 5F 59 44 5F 02 EE 00 00 00 00 AA BB CC 11 22 33 44 00 38 39 38 36 30 36 31 36 30 32 30 30 34 32 36 38 39 35 37 35 03 F5 02 00 3C 00 23 23 
   [mylog-info][INFO] [2017-05-15 10:17:41] com.haro.netty.iot.netty.handler.ServerHandler.channelRead(208) | 5F 59 44 5F 02 EE 00 00 00 00 AA BB CC 11 22 33 77 00 38 39 38 36 30 36 31 36 30 32 30 30 34 32 36 38 39 35 37 35 03 F6 00 00 23 23 
   [mylog-info][INFO] [2017-05-15 10:17:44] com.haro.netty.iot.netty.handler.ServerHandler.channelRead(189) | EE 00 00 00 00 AA BB CC 11 22 33 77 00 
   [mylog-info][INFO] [2017-05-15 10:17:44] com.haro.netty.iot.netty.handler.ServerHandler.channelRead(206) | 5F 59 44 5F 02 EE 00 00 00 00 AA BB CC 11 22 33 77 00 38 39 38 36 30 36 31 36 30 32 30 30 34 32 36 38 39 35 37 35 03 F5 02 00 0C 00 23 23 5F 59 44 5F 02 EE 00 00 00 00 AA BB CC 11 22 33 44 00 38 39 38 36 30 36 31 36 30 32 30 30 34 32 36 38 39 35 37 35 03 F5 02 00 3C 00 23 23 
   [mylog-info][INFO] [2017-05-15 10:17:44] com.haro.netty.iot.netty.handler.ServerHandler.channelRead(208) | 5F 59 44 5F 02 EE 00 00 00 00 AA BB CC 11 22 33 77 00 38 39 38 36 30 36 31 36 30 32 30 30 34 32 36 38 39 35 37 35 03 F6 00 00 23 23 
   [mylog-info][INFO] [2017-05-15 10:17:47] com.haro.netty.iot.netty.handler.ServerHandler.channelRead(189) | EE 00 00 00 00 AA BB CC 11 22 33 77 00 
   [mylog-info][INFO] [2017-05-15 10:17:47] com.haro.netty.iot.netty.handler.ServerHandler.channelRead(206) | 5F 59 44 5F 02 EE 00 00 00 00 AA BB CC 11 22 33 77 00 38 39 38 36 30 36 31 36 30 32 30 30 34 32 36 38 39 35 37 35 03 F5 02 00 0C 00 23 23 5F 59 44 5F 02 EE 00 00 00 00 AA BB CC 11 22 33 44 00 38 39 38 36 30 36 31 36 30 32 30 30 34 32 36 38 39 35 37 35 03 F5 02 00 3C 00 23 23 
   [mylog-info][INFO] [2017-05-15 10:17:47] com.haro.netty.iot.netty.handler.ServerHandler.channelRead(208) | 5F 59 44 5F 02 EE 00 00 00 00 AA BB CC 11 22 33 77 00 38 39 38 36 30 36 31 36 30 32 30 30 34 32 36 38 39 35 37 35 03 F6 00 00 23 23 
   [mylog-info][INFO] [2017-05-15 10:17:50] com.haro.netty.iot.netty.handler.ServerHandler.channelRead(189) | EE 00 00 00 00 AA BB CC 11 22 33 77 00 
   [mylog-info][INFO] [2017-05-15 10:17:50] com.haro.netty.iot.netty.handler.ServerHandler.channelRead(206) | 5F 59 44 5F 02 EE 00 00 00 00 AA BB CC 11 22 33 77 00 38 39 38 36 30 36 31 36 30 32 30 30 34 32 36 38 39 35 37 35 03 F5 02 00 0C 00 23 23 5F 59 44 5F 02 EE 00 00 00 00 AA BB CC 11 22 33 44 00 38 39 38 36 30 36 31 36 30 32 30 30 34 32 36 38 39 35 37 35 03 F5 02 00 3C 00 23 23 
   [mylog-info][INFO] [2017-05-15 10:17:50] com.haro.netty.iot.netty.handler.ServerHandler.channelRead(208) | 5F 59 44 5F 02 EE 00 00 00 00 AA BB CC 11 22 33 77 00 38 39 38 36 30 36 31 36 30 32 30 30 34 32 36 38 39 35 37 35 03 F6 00 00 23 23 
   [mylog-info][INFO] [2017-05-15 10:17:53] com.haro.netty.iot.netty.handler.ServerHandler.channelRead(189) | EE 00 00 00 00 AA BB CC 11 22 33 77 00 
   [mylog-info][INFO] [2017-05-15 10:17:53] com.haro.netty.iot.netty.handler.ServerHandler.channelRead(206) | 5F 59 44 5F 02 EE 00 00 00 00 AA BB CC 11 22 33 77 00 38 39 38 36 30 36 31 36 30 32 30 30 34 32 36 38 39 35 37 35 03 F5 02 00 0C 00 23 23 5F 59 44 5F 02 EE 00 00 00 00 AA BB CC 11 22 33 44 00 38 39 38 36 30 36 31 36 30 32 30 30 34 32 36 38 39 35 37 35 03 F5 02 00 3C 00 23 23 
   [mylog-info][INFO] [2017-05-15 10:17:53] com.haro.netty.iot.netty.handler.ServerHandler.channelRead(208) | 5F 59 44 5F 02 EE 00 00 00 00 AA BB CC 11 22 33 77 00 38 39 38 36 30 36 31 36 30 32 30 30 34 32 36 38 39 35 37 35 03 F6 00 00 23 23 
   [mylog-info][INFO] [2017-05-15 10:17:56] com.haro.netty.iot.netty.handler.ServerHandler.channelRead(189) | EE 00 00 00 00 AA BB CC 11 22 33 77 00 
   [mylog-info][INFO] [2017-05-15 10:17:56] com.haro.netty.iot.netty.handler.ServerHandler.channelRead(206) | 5F 59 44 5F 02 EE 00 00 00 00 AA BB CC 11 22 33 77 00 38 39 38 36 30 36 31 36 30 32 30 30 34 32 36 38 39 35 37 35 03 F5 02 00 0C 00 23 23 5F 59 44 5F 02 EE 00 00 00 00 AA BB CC 11 22 33 44 00 38 39 38 36 30 36 31 36 30 32 30 30 34 32 36 38 39 35 37 35 03 F5 02 00 3C 00 23 23 
   [mylog-info][INFO] [2017-05-15 10:17:56] com.haro.netty.iot.netty.handler.ServerHandler.channelRead(208) | 5F 59 44 5F 02 EE 00 00 00 00 AA BB CC 11 22 33 77 00 38 39 38 36 30 36 31 36 30 32 30 30 34 32 36 38 39 35 37 35 03 F6 00 00 23 23 
   [mylog-info][INFO] [2017-05-15 10:17:59] com.haro.netty.iot.netty.handler.ServerHandler.channelRead(189) | EE 00 00 00 00 AA BB CC 11 22 33 77 00 
   [mylog-info][INFO] [2017-05-15 10:17:59] com.haro.netty.iot.netty.handler.ServerHandler.channelRead(206) | 5F 59 44 5F 02 EE 00 00 00 00 AA BB CC 11 22 33 77 00 38 39 38 36 30 36 31 36 30 32 30 30 34 32 36 38 39 35 37 35 03 F5 02 00 0C 00 23 23 5F 59 44 5F 02 EE 00 00 00 00 AA BB CC 11 22 33 44 00 38 39 38 36 30 36 31 36 30 32 30 30 34 32 36 38 39 35 37 35 03 F5 02 00 3C 00 23 23 
   [mylog-info][INFO] [2017-05-15 10:17:59] com.haro.netty.iot.netty.handler.ServerHandler.channelRead(208) | 5F 59 44 5F 02 EE 00 00 00 00 AA BB CC 11 22 33 77 00 38 39 38 36 30 36 31 36 30 32 30 30 34 32 36 38 39 35 37 35 03 F6 00 00 23 23 
   [mylog-info][INFO] [2017-05-15 10:18:02] com.haro.netty.iot.netty.handler.ServerHandler.channelRead(189) | EE 00 00 00 00 AA BB CC 11 22 33 77 00 
   [mylog-info][INFO] [2017-05-15 10:18:02] com.haro.netty.iot.netty.handler.ServerHandler.channelRead(206) | 5F 59 44 5F 02 EE 00 00 00 00 AA BB CC 11 22 33 77 00 38 39 38 36 30 36 31 36 30 32 30 30 34 32 36 38 39 35 37 35 03 F5 02 00 0C 00 23 23 5F 59 44 5F 02 EE 00 00 00 00 AA BB CC 11 22 33 44 00 38 39 38 36 30 36 31 36 30 32 30 30 34 32 36 38 39 35 37 35 03 F5 02 00 3C 00 23 23 
   [mylog-info][INFO] [2017-05-15 10:18:02] com.haro.netty.iot.netty.handler.ServerHandler.channelRead(208) | 5F 59 44 5F 02 EE 00 00 00 00 AA BB CC 11 22 33 77 00 38 39 38 36 30 36 31 36 30 32 30 30 34 32 36 38 39 35 37 35 03 F6 00 00 23 23 
   [mylog-info][INFO] [2017-05-15 10:18:05] com.haro.netty.iot.netty.handler.ServerHandler.channelRead(189) | EE 00 00 00 00 AA BB CC 11 22 33 77 00 
   [mylog-info][INFO] [2017-05-15 10:18:05] com.haro.netty.iot.netty.handler.ServerHandler.channelRead(206) | 5F 59 44 5F 02 EE 00 00 00 00 AA BB CC 11 22 33 77 00 38 39 38 36 30 36 31 36 30 32 30 30 34 32 36 38 39 35 37 35 03 F5 02 00 0C 00 23 23 5F 59 44 5F 02 EE 00 00 00 00 AA BB CC 11 22 33 44 00 38 39 38 36 30 36 31 36 30 32 30 30 34 32 36 38 39 35 37 35 03 F5 02 00 3C 00 23 23 
   [mylog-info][INFO] [2017-05-15 10:18:05] com.haro.netty.iot.netty.handler.ServerHandler.channelRead(208) | 5F 59 44 5F 02 EE 00 00 00 00 AA BB CC 11 22 33 77 00 38 39 38 36 30 36 31 36 30 32 30 30 34 32 36 38 39 35 37 35 03 F6 00 00 23 23 
   [mylog-info][INFO] [2017-05-15 10:18:08] com.haro.netty.iot.netty.handler.ServerHandler.channelRead(189) | EE 00 00 00 00 AA BB CC 11 22 33 77 00 
   [mylog-info][INFO] [2017-05-15 10:18:08] com.haro.netty.iot.netty.handler.ServerHandler.channelRead(206) | 5F 59 44 5F 02 EE 00 00 00 00 AA BB CC 11 22 33 77 00 38 39 38 36 30 36 31 36 30 32 30 30 34 32 36 38 39 35 37 35 03 F5 02 00 0C 00 23 23 5F 59 44 5F 02 EE 00 00 00 00 AA BB CC 11 22 33 44 00 38 39 38 36 30 36 31 36 30 32 30 30 34 32 36 38 39 35 37 35 03 F5 02 00 3C 00 23 23 
   [mylog-info][INFO] [2017-05-15 10:18:08] com.haro.netty.iot.netty.handler.ServerHandler.channelRead(208) | 5F 59 44 5F 02 EE 00 00 00 00 AA BB CC 11 22 33 77 00 38 39 38 36 30 36 31 36 30 32 30 30 34 32 36 38 39 35 37 35 03 F6 00 00 23 23 
   [mylog-info][INFO] [2017-05-15 10:18:11] com.haro.netty.iot.netty.handler.ServerHandler.channelRead(189) | EE 00 00 00 00 AA BB CC 11 22 33 77 00 
   [mylog-info][INFO] [2017-05-15 10:18:11] com.haro.netty.iot.netty.handler.ServerHandler.channelRead(206) | 5F 59 44 5F 02 EE 00 00 00 00 AA BB CC 11 22 33 77 00 38 39 38 36 30 36 31 36 30 32 30 30 34 32 36 38 39 35 37 35 03 F5 02 00 0C 00 23 23 5F 59 44 5F 02 EE 00 00 00 00 AA BB CC 11 22 33 44 00 38 39 38 36 30 36 31 36 30 32 30 30 34 32 36 38 39 35 37 35 03 F5 02 00 3C 00 23 23 
   [mylog-info][INFO] [2017-05-15 10:18:11] com.haro.netty.iot.netty.handler.ServerHandler.channelRead(208) | 5F 59 44 5F 02 EE 00 00 00 00 AA BB CC 11 22 33 77 00 38 39 38 36 30 36 31 36 30 32 30 30 34 32 36 38 39 35 37 35 03 F6 00 00 23 23 
   [mylog-info][INFO] [2017-05-15 10:18:14] com.haro.netty.iot.netty.handler.ServerHandler.channelRead(189) | EE 00 00 00 00 AA BB CC 11 22 33 77 00 
   [mylog-info][INFO] [2017-05-15 10:18:14] com.haro.netty.iot.netty.handler.ServerHandler.channelRead(206) | 5F 59 44 5F 02 EE 00 00 00 00 AA BB CC 11 22 33 77 00 38 39 38 36 30 36 31 36 30 32 30 30 34 32 36 38 39 35 37 35 03 F5 02 00 0C 00 23 23 5F 59 44 5F 02 EE 00 00 00 00 AA BB CC 11 22 33 44 00 38 39 38 36 30 36 31 36 30 32 30 30 34 32 36 38 39 35 37 35 03 F5 02 00 3C 00 23 23 
   [mylog-info][INFO] [2017-05-15 10:18:14] com.haro.netty.iot.netty.handler.ServerHandler.channelRead(208) | 5F 59 44 5F 02 EE 00 00 00 00 AA BB CC 11 22 33 77 00 38 39 38 36 30 36 31 36 30 32 30 30 34 32 36 38 39 35 37 35 03 F6 00 00 23 23 
   [mylog-info][INFO] [2017-05-15 10:18:17] com.haro.netty.iot.netty.handler.ServerHandler.channelRead(189) | EE 00 00 00 00 AA BB CC 11 22 33 77 00 
   [mylog-info][INFO] [2017-05-15 10:18:17] com.haro.netty.iot.netty.handler.ServerHandler.channelRead(206) | 5F 59 44 5F 02 EE 00 00 00 00 AA BB CC 11 22 33 77 00 38 39 38 36 30 36 31 36 30 32 30 30 34 32 36 38 39 35 37 35 03 F5 02 00 0C 00 23 23 5F 59 44 5F 02 EE 00 00 00 00 AA BB CC 11 22 33 44 00 38 39 38 36 30 36 31 36 30 32 30 30 34 32 36 38 39 35 37 35 03 F5 02 00 3C 00 23 23 
   [mylog-info][INFO] [2017-05-15 10:18:17] com.haro.netty.iot.netty.handler.ServerHandler.channelRead(208) | 5F 59 44 5F 02 EE 00 00 00 00 AA BB CC 11 22 33 77 00 38 39 38 36 30 36 31 36 30 32 30 30 34 32 36 38 39 35 37 35 03 F6 00 00 23 23 
   [mylog-info][INFO] [2017-05-15 10:18:20] com.haro.netty.iot.netty.handler.ServerHandler.channelRead(189) | EE 00 00 00 00 AA BB CC 11 22 33 77 00 
   [mylog-info][INFO] [2017-05-15 10:18:20] com.haro.netty.iot.netty.handler.ServerHandler.channelRead(206) | 5F 59 44 5F 02 EE 00 00 00 00 AA BB CC 11 22 33 77 00 38 39 38 36 30 36 31 36 30 32 30 30 34 32 36 38 39 35 37 35 03 F5 02 00 0C 00 23 23 5F 59 44 5F 02 EE 00 00 00 00 AA BB CC 11 22 33 44 00 38 39 38 36 30 36 31 36 30 32 30 30 34 32 36 38 39 35 37 35 03 F5 02 00 3C 00 23 23 
   [mylog-info][INFO] [2017-05-15 10:18:20] com.haro.netty.iot.netty.handler.ServerHandler.channelRead(208) | 5F 59 44 5F 02 EE 00 00 00 00 AA BB CC 11 22 33 77 00 38 39 38 36 30 36 31 36 30 32 30 30 34 32 36 38 39 35 37 35 03 F6 00 00 23 23 
   [mylog-info][INFO] [2017-05-15 10:18:22] com.haro.netty.iot.netty.handler.ServerHandler.channelInactive(84) | client: /127.0.0.1:51693channelInactive
   [mylog-info][INFO] [2017-05-15 10:18:32] com.haro.netty.iot.netty.handler.ServerHandler.channelRegistered(49) | client: /127.0.0.1:51699channelRegistered
   [mylog-info][INFO] [2017-05-15 10:18:32] com.haro.netty.iot.netty.handler.ServerHandler.channelActive(70) | client: /127.0.0.1:51699channelInactive
   [mylog-info][INFO] [2017-05-15 10:18:35] com.haro.netty.iot.netty.handler.ServerHandler.channelRead(189) | EE 00 00 00 00 AA BB CC 11 22 33 77 00 
   [mylog-info][INFO] [2017-05-15 10:18:35] com.haro.netty.iot.netty.handler.ServerHandler.channelRead(206) | 5F 59 44 5F 02 EE 00 00 00 00 AA BB CC 11 22 33 77 00 38 39 38 36 30 36 31 36 30 32 30 30 34 32 36 38 39 35 37 35 03 F5 02 00 3C 00 23 23 
   [mylog-info][INFO] [2017-05-15 10:18:35] com.haro.netty.iot.netty.handler.ServerHandler.channelRead(208) | 5F 59 44 5F 02 EE 00 00 00 00 AA BB CC 11 22 33 77 00 38 39 38 36 30 36 31 36 30 32 30 30 34 32 36 38 39 35 37 35 03 F6 00 00 23 23 
   [mylog-info][INFO] [2017-05-15 10:18:38] com.haro.netty.iot.netty.handler.ServerHandler.channelRead(189) | EE 00 00 00 00 AA BB CC 11 22 33 77 00 
   [mylog-info][INFO] [2017-05-15 10:18:38] com.haro.netty.iot.netty.handler.ServerHandler.channelRead(206) | 5F 59 44 5F 02 EE 00 00 00 00 AA BB CC 11 22 33 77 00 38 39 38 36 30 36 31 36 30 32 30 30 34 32 36 38 39 35 37 35 03 F5 02 00 3C 00 23 23 
   [mylog-info][INFO] [2017-05-15 10:18:38] com.haro.netty.iot.netty.handler.ServerHandler.channelRead(208) | 5F 59 44 5F 02 EE 00 00 00 00 AA BB CC 11 22 33 77 00 38 39 38 36 30 36 31 36 30 32 30 30 34 32 36 38 39 35 37 35 03 F6 00 00 23 23 
   [mylog-info][INFO] [2017-05-15 10:18:41] com.haro.netty.iot.netty.handler.ServerHandler.channelRead(189) | EE 00 00 00 00 AA BB CC 11 22 33 77 00 
   [mylog-info][INFO] [2017-05-15 10:18:41] com.haro.netty.iot.netty.handler.ServerHandler.channelRead(206) | 5F 59 44 5F 02 EE 00 00 00 00 AA BB CC 11 22 33 77 00 38 39 38 36 30 36 31 36 30 32 30 30 34 32 36 38 39 35 37 35 03 F5 02 00 3C 00 23 23 
   [mylog-info][INFO] [2017-05-15 10:18:41] com.haro.netty.iot.netty.handler.ServerHandler.channelRead(208) | 5F 59 44 5F 02 EE 00 00 00 00 AA BB CC 11 22 33 77 00 38 39 38 36 30 36 31 36 30 32 30 30 34 32 36 38 39 35 37 35 03 F6 00 00 23 23 
   [mylog-info][INFO] [2017-05-15 10:18:44] com.haro.netty.iot.netty.handler.ServerHandler.channelRead(189) | EE 00 00 00 00 AA BB CC 11 22 33 77 00 
   [mylog-info][INFO] [2017-05-15 10:18:44] com.haro.netty.iot.netty.handler.ServerHandler.channelRead(206) | 5F 59 44 5F 02 EE 00 00 00 00 AA BB CC 11 22 33 77 00 38 39 38 36 30 36 31 36 30 32 30 30 34 32 36 38 39 35 37 35 03 F5 02 00 3C 00 23 23 
   [mylog-info][INFO] [2017-05-15 10:18:44] com.haro.netty.iot.netty.handler.ServerHandler.channelRead(208) | 5F 59 44 5F 02 EE 00 00 00 00 AA BB CC 11 22 33 77 00 38 39 38 36 30 36 31 36 30 32 30 30 34 32 36 38 39 35 37 35 03 F6 00 00 23 23 
   [mylog-info][INFO] [2017-05-15 10:18:47] com.haro.netty.iot.netty.handler.ServerHandler.channelRead(189) | EE 00 00 00 00 AA BB CC 11 22 33 77 00 
   [mylog-info][INFO] [2017-05-15 10:18:47] com.haro.netty.iot.netty.handler.ServerHandler.channelRead(206) | 5F 59 44 5F 02 EE 00 00 00 00 AA BB CC 11 22 33 77 00 38 39 38 36 30 36 31 36 30 32 30 30 34 32 36 38 39 35 37 35 03 F5 02 00 3C 00 23 23 
   [mylog-info][INFO] [2017-05-15 10:18:47] com.haro.netty.iot.netty.handler.ServerHandler.channelRead(208) | 5F 59 44 5F 02 EE 00 00 00 00 AA BB CC 11 22 33 77 00 38 39 38 36 30 36 31 36 30 32 30 30 34 32 36 38 39 35 37 35 03 F6 00 00 23 23 
   [mylog-info][INFO] [2017-05-15 10:18:50] com.haro.netty.iot.netty.handler.ServerHandler.channelRead(189) | EE 00 00 00 00 AA BB CC 11 22 33 77 00 
   [mylog-info][INFO] [2017-05-15 10:18:50] com.haro.netty.iot.netty.handler.ServerHandler.channelRead(206) | 5F 59 44 5F 02 EE 00 00 00 00 AA BB CC 11 22 33 77 00 38 39 38 36 30 36 31 36 30 32 30 30 34 32 36 38 39 35 37 35 03 F5 02 00 3C 00 23 23 
   [mylog-info][INFO] [2017-05-15 10:18:50] com.haro.netty.iot.netty.handler.ServerHandler.channelRead(208) | 5F 59 44 5F 02 EE 00 00 00 00 AA BB CC 11 22 33 77 00 38 39 38 36 30 36 31 36 30 32 30 30 34 32 36 38 39 35 37 35 03 F6 00 00 23 23 
   [mylog-info][INFO] [2017-05-15 10:18:53] com.haro.netty.iot.netty.handler.ServerHandler.channelRead(189) | EE 00 00 00 00 AA BB CC 11 22 33 77 00 
   [mylog-info][INFO] [2017-05-15 10:18:53] com.haro.netty.iot.netty.handler.ServerHandler.channelRead(206) | 5F 59 44 5F 02 EE 00 00 00 00 AA BB CC 11 22 33 77 00 38 39 38 36 30 36 31 36 30 32 30 30 34 32 36 38 39 35 37 35 03 F5 02 00 3C 00 23 23 
   [mylog-info][INFO] [2017-05-15 10:18:53] com.haro.netty.iot.netty.handler.ServerHandler.channelRead(208) | 5F 59 44 5F 02 EE 00 00 00 00 AA BB CC 11 22 33 77 00 38 39 38 36 30 36 31 36 30 32 30 30 34 32 36 38 39 35 37 35 03 F6 00 00 23 23 
   [mylog-info][INFO] [2017-05-15 10:18:56] com.haro.netty.iot.netty.handler.ServerHandler.channelRead(189) | EE 00 00 00 00 AA BB CC 11 22 33 77 00 
   [mylog-info][INFO] [2017-05-15 10:18:56] com.haro.netty.iot.netty.handler.ServerHandler.channelRead(206) | 5F 59 44 5F 02 EE 00 00 00 00 AA BB CC 11 22 33 77 00 38 39 38 36 30 36 31 36 30 32 30 30 34 32 36 38 39 35 37 35 03 F5 02 00 3C 00 23 23 
   [mylog-info][INFO] [2017-05-15 10:18:56] com.haro.netty.iot.netty.handler.ServerHandler.channelRead(208) | 5F 59 44 5F 02 EE 00 00 00 00 AA BB CC 11 22 33 77 00 38 39 38 36 30 36 31 36 30 32 30 30 34 32 36 38 39 35 37 35 03 F6 00 00 23 23 
   [mylog-info][INFO] [2017-05-15 10:18:58] com.haro.netty.iot.netty.handler.ServerHandler.channelInactive(84) | client: /127.0.0.1:51699channelInactive
   [mylog-info][INFO] [2017-05-15 10:27:55] org.springframework.web.context.ContextLoader.initWebApplicationContext(305) | Root WebApplicationContext: initialization started
   [mylog-info][INFO] [2017-05-15 10:27:55] org.springframework.context.support.AbstractApplicationContext.prepareRefresh(578) | Refreshing Root WebApplicationContext: startup date [Mon May 15 10:27:55 CST 2017]; root of context hierarchy
   [mylog-info][INFO] [2017-05-15 10:27:55] org.springframework.beans.factory.xml.XmlBeanDefinitionReader.loadBeanDefinitions(317) | Loading XML bean definitions from class path resource [spring.xml]
   [mylog-info][INFO] [2017-05-15 10:27:55] org.springframework.beans.factory.xml.XmlBeanDefinitionReader.loadBeanDefinitions(317) | Loading XML bean definitions from class path resource [spring-mybatis.xml]
   [mylog-info][WARN] [2017-05-15 10:27:55] org.mybatis.spring.mapper.ClassPathMapperScanner.checkCandidate(226) | Skipping MapperFactoryBean with name 'deviceStatusMapper' and 'com.haro.netty.test.mapper.DeviceStatusMapper' mapperInterface. Bean already defined with the same name!
   [mylog-info][WARN] [2017-05-15 10:27:55] org.mybatis.spring.mapper.ClassPathMapperScanner.doScan(158) | No MyBatis mapper was found in '[com.haro.netty.test.mapper]' package. Please check your configuration.
   [mylog-info][INFO] [2017-05-15 10:27:55] org.springframework.core.io.support.PropertiesLoaderSupport.loadProperties(172) | Loading properties file from class path resource [dbconfig.properties]
   [mylog-info][INFO] [2017-05-15 10:27:55] org.springframework.beans.factory.annotation.AutowiredAnnotationBeanPostProcessor.<init>(153) | JSR-330 'javax.inject.Inject' annotation found and supported for autowiring
   [mylog-info][INFO] [2017-05-15 10:27:55] com.alibaba.druid.pool.DruidDataSource.init(655) | {dataSource-1} inited
   [mylog-info][INFO] [2017-05-15 10:27:56] org.springframework.web.context.ContextLoader.initWebApplicationContext(345) | Root WebApplicationContext: initialization completed in 1241 ms
   [mylog-info][INFO] [2017-05-15 10:27:56] org.springframework.web.servlet.FrameworkServlet.initServletBean(487) | FrameworkServlet 'rest': initialization started
   [mylog-info][INFO] [2017-05-15 10:27:56] org.springframework.context.support.AbstractApplicationContext.prepareRefresh(578) | Refreshing WebApplicationContext for namespace 'rest-servlet': startup date [Mon May 15 10:27:56 CST 2017]; parent: Root WebApplicationContext
   [mylog-info][INFO] [2017-05-15 10:27:56] org.springframework.beans.factory.xml.XmlBeanDefinitionReader.loadBeanDefinitions(317) | Loading XML bean definitions from class path resource [spring-mvc.xml]
   [mylog-info][INFO] [2017-05-15 10:27:56] org.springframework.beans.factory.annotation.AutowiredAnnotationBeanPostProcessor.<init>(153) | JSR-330 'javax.inject.Inject' annotation found and supported for autowiring
   [mylog-info][INFO] [2017-05-15 10:27:56] org.springframework.web.servlet.FrameworkServlet.initServletBean(506) | FrameworkServlet 'rest': initialization completed in 581 ms
   [mylog-info][INFO] [2017-05-15 10:28:19] com.haro.netty.iot.netty.handler.ServerHandler.channelRegistered(49) | client: /127.0.0.1:51876channelRegistered
   [mylog-info][INFO] [2017-05-15 10:28:19] com.haro.netty.iot.netty.handler.ServerHandler.channelActive(70) | client: /127.0.0.1:51876channelInactive
   [mylog-info][INFO] [2017-05-15 10:28:20] com.haro.netty.iot.netty.handler.ServerHandler.channelRead(189) | EE 00 00 00 00 AA BB CC 11 22 33 77 00 
   [mylog-info][INFO] [2017-05-15 10:28:20] com.haro.netty.iot.netty.handler.ServerHandler.channelRead(206) | 5F 59 44 5F 02 EE 00 00 00 00 AA BB CC 11 22 33 77 00 38 39 38 36 30 36 31 36 30 32 30 30 34 32 36 38 39 35 37 35 03 F5 02 00 3C 00 23 23 
   [mylog-info][INFO] [2017-05-15 10:28:20] com.haro.netty.iot.netty.handler.ServerHandler.channelRead(208) | 5F 59 44 5F 02 EE 00 00 00 00 AA BB CC 11 22 33 77 00 38 39 38 36 30 36 31 36 30 32 30 30 34 32 36 38 39 35 37 35 03 F6 00 00 23 23 
   [mylog-info][INFO] [2017-05-15 10:28:20] com.haro.netty.iot.netty.handler.ServerHandler.channelRead(189) | EE 00 00 00 00 AA BB CC 11 22 33 77 00 
   [mylog-info][INFO] [2017-05-15 10:28:20] com.haro.netty.iot.netty.handler.ServerHandler.channelRead(206) | 5F 59 44 5F 02 EE 00 00 00 00 AA BB CC 11 22 33 77 00 38 39 38 36 30 36 31 36 30 32 30 30 34 32 36 38 39 35 37 35 03 F5 02 00 3C 00 23 23 
   [mylog-info][INFO] [2017-05-15 10:28:20] com.haro.netty.iot.netty.handler.ServerHandler.channelRead(208) | 5F 59 44 5F 02 EE 00 00 00 00 AA BB CC 11 22 33 77 00 38 39 38 36 30 36 31 36 30 32 30 30 34 32 36 38 39 35 37 35 03 F6 00 00 23 23 
   [mylog-info][INFO] [2017-05-15 10:28:23] com.haro.netty.iot.netty.handler.ServerHandler.channelRead(189) | EE 00 00 00 00 AA BB CC 11 22 33 77 00 
   [mylog-info][INFO] [2017-05-15 10:28:23] com.haro.netty.iot.netty.handler.ServerHandler.channelRead(206) | 5F 59 44 5F 02 EE 00 00 00 00 AA BB CC 11 22 33 77 00 38 39 38 36 30 36 31 36 30 32 30 30 34 32 36 38 39 35 37 35 03 F5 02 00 3C 00 23 23 
   [mylog-info][INFO] [2017-05-15 10:28:23] com.haro.netty.iot.netty.handler.ServerHandler.channelRead(208) | 5F 59 44 5F 02 EE 00 00 00 00 AA BB CC 11 22 33 77 00 38 39 38 36 30 36 31 36 30 32 30 30 34 32 36 38 39 35 37 35 03 F6 00 00 23 23 
   [mylog-info][INFO] [2017-05-15 10:28:26] com.haro.netty.iot.netty.handler.ServerHandler.channelRead(189) | EE 00 00 00 00 AA BB CC 11 22 33 77 00 
   [mylog-info][INFO] [2017-05-15 10:28:26] com.haro.netty.iot.netty.handler.ServerHandler.channelRead(206) | 5F 59 44 5F 02 EE 00 00 00 00 AA BB CC 11 22 33 77 00 38 39 38 36 30 36 31 36 30 32 30 30 34 32 36 38 39 35 37 35 03 F5 02 00 3C 00 23 23 
   [mylog-info][INFO] [2017-05-15 10:28:26] com.haro.netty.iot.netty.handler.ServerHandler.channelRead(208) | 5F 59 44 5F 02 EE 00 00 00 00 AA BB CC 11 22 33 77 00 38 39 38 36 30 36 31 36 30 32 30 30 34 32 36 38 39 35 37 35 03 F6 00 00 23 23 
   [mylog-info][INFO] [2017-05-15 10:28:29] com.haro.netty.iot.netty.handler.ServerHandler.channelRead(189) | EE 00 00 00 00 AA BB CC 11 22 33 77 00 
   [mylog-info][INFO] [2017-05-15 10:28:29] com.haro.netty.iot.netty.handler.ServerHandler.channelRead(206) | 5F 59 44 5F 02 EE 00 00 00 00 AA BB CC 11 22 33 77 00 38 39 38 36 30 36 31 36 30 32 30 30 34 32 36 38 39 35 37 35 03 F5 02 00 3C 00 23 23 
   [mylog-info][INFO] [2017-05-15 10:28:29] com.haro.netty.iot.netty.handler.ServerHandler.channelRead(208) | 5F 59 44 5F 02 EE 00 00 00 00 AA BB CC 11 22 33 77 00 38 39 38 36 30 36 31 36 30 32 30 30 34 32 36 38 39 35 37 35 03 F6 00 00 23 23 
   [mylog-info][INFO] [2017-05-15 10:28:32] com.haro.netty.iot.netty.handler.ServerHandler.channelRead(189) | EE 00 00 00 00 AA BB CC 11 22 33 77 00 
   [mylog-info][INFO] [2017-05-15 10:28:32] com.haro.netty.iot.netty.handler.ServerHandler.channelRead(206) | 5F 59 44 5F 02 EE 00 00 00 00 AA BB CC 11 22 33 77 00 38 39 38 36 30 36 31 36 30 32 30 30 34 32 36 38 39 35 37 35 03 F5 02 00 3C 00 23 23 
   [mylog-info][INFO] [2017-05-15 10:28:32] com.haro.netty.iot.netty.handler.ServerHandler.channelRead(208) | 5F 59 44 5F 02 EE 00 00 00 00 AA BB CC 11 22 33 77 00 38 39 38 36 30 36 31 36 30 32 30 30 34 32 36 38 39 35 37 35 03 F6 00 00 23 23 
   [mylog-info][INFO] [2017-05-15 10:28:35] com.haro.netty.iot.netty.handler.ServerHandler.channelRead(189) | EE 00 00 00 00 AA BB CC 11 22 33 77 00 
   [mylog-info][INFO] [2017-05-15 10:28:35] com.haro.netty.iot.netty.handler.ServerHandler.channelRead(206) | 5F 59 44 5F 02 EE 00 00 00 00 AA BB CC 11 22 33 77 00 38 39 38 36 30 36 31 36 30 32 30 30 34 32 36 38 39 35 37 35 03 F5 02 00 3C 00 23 23 
   [mylog-info][INFO] [2017-05-15 10:28:35] com.haro.netty.iot.netty.handler.ServerHandler.channelRead(208) | 5F 59 44 5F 02 EE 00 00 00 00 AA BB CC 11 22 33 77 00 38 39 38 36 30 36 31 36 30 32 30 30 34 32 36 38 39 35 37 35 03 F6 00 00 23 23 
   [mylog-info][INFO] [2017-05-15 10:28:38] com.haro.netty.iot.netty.handler.ServerHandler.channelRead(189) | EE 00 00 00 00 AA BB CC 11 22 33 77 00 
   [mylog-info][INFO] [2017-05-15 10:28:38] com.haro.netty.iot.netty.handler.ServerHandler.channelRead(206) | 5F 59 44 5F 02 EE 00 00 00 00 AA BB CC 11 22 33 77 00 38 39 38 36 30 36 31 36 30 32 30 30 34 32 36 38 39 35 37 35 03 F5 02 00 3C 00 23 23 
   [mylog-info][INFO] [2017-05-15 10:28:38] com.haro.netty.iot.netty.handler.ServerHandler.channelRead(208) | 5F 59 44 5F 02 EE 00 00 00 00 AA BB CC 11 22 33 77 00 38 39 38 36 30 36 31 36 30 32 30 30 34 32 36 38 39 35 37 35 03 F6 00 00 23 23 
   [mylog-info][INFO] [2017-05-15 10:28:41] com.haro.netty.iot.netty.handler.ServerHandler.channelRead(189) | EE 00 00 00 00 AA BB CC 11 22 33 77 00 
   [mylog-info][INFO] [2017-05-15 10:28:41] com.haro.netty.iot.netty.handler.ServerHandler.channelRead(206) | 5F 59 44 5F 02 EE 00 00 00 00 AA BB CC 11 22 33 77 00 38 39 38 36 30 36 31 36 30 32 30 30 34 32 36 38 39 35 37 35 03 F5 02 00 3C 00 23 23 
   [mylog-info][INFO] [2017-05-15 10:28:41] com.haro.netty.iot.netty.handler.ServerHandler.channelRead(208) | 5F 59 44 5F 02 EE 00 00 00 00 AA BB CC 11 22 33 77 00 38 39 38 36 30 36 31 36 30 32 30 30 34 32 36 38 39 35 37 35 03 F6 00 00 23 23 
   [mylog-info][INFO] [2017-05-15 10:28:44] com.haro.netty.iot.netty.handler.ServerHandler.channelRead(189) | EE 00 00 00 00 AA BB CC 11 22 33 77 00 
   [mylog-info][INFO] [2017-05-15 10:28:44] com.haro.netty.iot.netty.handler.ServerHandler.channelRead(206) | 5F 59 44 5F 02 EE 00 00 00 00 AA BB CC 11 22 33 77 00 38 39 38 36 30 36 31 36 30 32 30 30 34 32 36 38 39 35 37 35 03 F5 02 00 3C 00 23 23 
   [mylog-info][INFO] [2017-05-15 10:28:44] com.haro.netty.iot.netty.handler.ServerHandler.channelRead(208) | 5F 59 44 5F 02 EE 00 00 00 00 AA BB CC 11 22 33 77 00 38 39 38 36 30 36 31 36 30 32 30 30 34 32 36 38 39 35 37 35 03 F6 00 00 23 23 
   [mylog-info][INFO] [2017-05-15 10:28:47] com.haro.netty.iot.netty.handler.ServerHandler.channelRead(189) | EE 00 00 00 00 AA BB CC 11 22 33 77 00 
   [mylog-info][INFO] [2017-05-15 10:28:47] com.haro.netty.iot.netty.handler.ServerHandler.channelRead(206) | 5F 59 44 5F 02 EE 00 00 00 00 AA BB CC 11 22 33 77 00 38 39 38 36 30 36 31 36 30 32 30 30 34 32 36 38 39 35 37 35 03 F5 02 00 3C 00 23 23 
   [mylog-info][INFO] [2017-05-15 10:28:47] com.haro.netty.iot.netty.handler.ServerHandler.channelRead(208) | 5F 59 44 5F 02 EE 00 00 00 00 AA BB CC 11 22 33 77 00 38 39 38 36 30 36 31 36 30 32 30 30 34 32 36 38 39 35 37 35 03 F6 00 00 23 23 
   [mylog-info][INFO] [2017-05-15 10:28:50] com.haro.netty.iot.netty.handler.ServerHandler.channelRead(189) | EE 00 00 00 00 AA BB CC 11 22 33 77 00 
   [mylog-info][INFO] [2017-05-15 10:28:50] com.haro.netty.iot.netty.handler.ServerHandler.channelRead(206) | 5F 59 44 5F 02 EE 00 00 00 00 AA BB CC 11 22 33 77 00 38 39 38 36 30 36 31 36 30 32 30 30 34 32 36 38 39 35 37 35 03 F5 02 00 3C 00 23 23 
   [mylog-info][INFO] [2017-05-15 10:28:50] com.haro.netty.iot.netty.handler.ServerHandler.channelRead(208) | 5F 59 44 5F 02 EE 00 00 00 00 AA BB CC 11 22 33 77 00 38 39 38 36 30 36 31 36 30 32 30 30 34 32 36 38 39 35 37 35 03 F6 00 00 23 23 
   [mylog-info][INFO] [2017-05-15 10:28:53] com.haro.netty.iot.netty.handler.ServerHandler.channelRead(189) | EE 00 00 00 00 AA BB CC 11 22 33 77 00 
   [mylog-info][INFO] [2017-05-15 10:28:53] com.haro.netty.iot.netty.handler.ServerHandler.channelRead(206) | 5F 59 44 5F 02 EE 00 00 00 00 AA BB CC 11 22 33 77 00 38 39 38 36 30 36 31 36 30 32 30 30 34 32 36 38 39 35 37 35 03 F5 02 00 3C 00 23 23 
   [mylog-info][INFO] [2017-05-15 10:28:53] com.haro.netty.iot.netty.handler.ServerHandler.channelRead(208) | 5F 59 44 5F 02 EE 00 00 00 00 AA BB CC 11 22 33 77 00 38 39 38 36 30 36 31 36 30 32 30 30 34 32 36 38 39 35 37 35 03 F6 00 00 23 23 
   [mylog-info][INFO] [2017-05-15 10:28:56] com.haro.netty.iot.netty.handler.ServerHandler.channelRead(189) | EE 00 00 00 00 AA BB CC 11 22 33 77 00 
   [mylog-info][INFO] [2017-05-15 10:28:56] com.haro.netty.iot.netty.handler.ServerHandler.channelRead(206) | 5F 59 44 5F 02 EE 00 00 00 00 AA BB CC 11 22 33 77 00 38 39 38 36 30 36 31 36 30 32 30 30 34 32 36 38 39 35 37 35 03 F5 02 00 3C 00 23 23 
   [mylog-info][INFO] [2017-05-15 10:28:56] com.haro.netty.iot.netty.handler.ServerHandler.channelRead(208) | 5F 59 44 5F 02 EE 00 00 00 00 AA BB CC 11 22 33 77 00 38 39 38 36 30 36 31 36 30 32 30 30 34 32 36 38 39 35 37 35 03 F6 00 00 23 23 
   [mylog-info][INFO] [2017-05-15 10:28:57] com.haro.netty.iot.netty.handler.ServerHandler.channelInactive(84) | client: /127.0.0.1:51876channelInactive
   [mylog-info][INFO] [2017-05-15 10:29:06] com.haro.netty.iot.netty.handler.ServerHandler.channelRegistered(49) | client: /127.0.0.1:51894channelRegistered
   [mylog-info][INFO] [2017-05-15 10:29:06] com.haro.netty.iot.netty.handler.ServerHandler.channelActive(70) | client: /127.0.0.1:51894channelInactive
   [mylog-info][INFO] [2017-05-15 10:29:07] com.haro.netty.iot.netty.handler.ServerHandler.channelRead(189) | EE 00 00 00 00 AA BB CC 11 22 33 77 00 
   [mylog-info][INFO] [2017-05-15 10:29:07] com.haro.netty.iot.netty.handler.ServerHandler.channelRead(206) | 5F 59 44 5F 02 EE 00 00 00 00 AA BB CC 11 22 33 77 00 38 39 38 36 30 36 31 36 30 32 30 30 34 32 36 38 39 35 37 35 03 F5 02 00 0C 00 23 23 
   [mylog-info][INFO] [2017-05-15 10:29:07] com.haro.netty.iot.netty.handler.ServerHandler.channelRead(208) | 5F 59 44 5F 02 EE 00 00 00 00 AA BB CC 11 22 33 77 00 38 39 38 36 30 36 31 36 30 32 30 30 34 32 36 38 39 35 37 35 03 F6 00 00 23 23 
   [mylog-info][INFO] [2017-05-15 10:29:08] com.haro.netty.iot.netty.handler.ServerHandler.channelRead(189) | EE 00 00 00 00 AA BB CC 11 22 33 77 00 
   [mylog-info][INFO] [2017-05-15 10:29:08] com.haro.netty.iot.netty.handler.ServerHandler.channelRead(206) | 5F 59 44 5F 02 EE 00 00 00 00 AA BB CC 11 22 33 77 00 38 39 38 36 30 36 31 36 30 32 30 30 34 32 36 38 39 35 37 35 03 F5 02 00 0C 00 23 23 
   [mylog-info][INFO] [2017-05-15 10:29:08] com.haro.netty.iot.netty.handler.ServerHandler.channelRead(208) | 5F 59 44 5F 02 EE 00 00 00 00 AA BB CC 11 22 33 77 00 38 39 38 36 30 36 31 36 30 32 30 30 34 32 36 38 39 35 37 35 03 F6 00 00 23 23 
   [mylog-info][INFO] [2017-05-15 10:29:11] com.haro.netty.iot.netty.handler.ServerHandler.channelRead(189) | EE 00 00 00 00 AA BB CC 11 22 33 77 00 
   [mylog-info][INFO] [2017-05-15 10:29:11] com.haro.netty.iot.netty.handler.ServerHandler.channelRead(206) | 5F 59 44 5F 02 EE 00 00 00 00 AA BB CC 11 22 33 77 00 38 39 38 36 30 36 31 36 30 32 30 30 34 32 36 38 39 35 37 35 03 F5 02 00 0C 00 23 23 
   [mylog-info][INFO] [2017-05-15 10:29:11] com.haro.netty.iot.netty.handler.ServerHandler.channelRead(208) | 5F 59 44 5F 02 EE 00 00 00 00 AA BB CC 11 22 33 77 00 38 39 38 36 30 36 31 36 30 32 30 30 34 32 36 38 39 35 37 35 03 F6 00 00 23 23 
   [mylog-info][INFO] [2017-05-15 10:29:14] com.haro.netty.iot.netty.handler.ServerHandler.channelRead(189) | EE 00 00 00 00 AA BB CC 11 22 33 77 00 
   [mylog-info][INFO] [2017-05-15 10:29:14] com.haro.netty.iot.netty.handler.ServerHandler.channelRead(206) | 5F 59 44 5F 02 EE 00 00 00 00 AA BB CC 11 22 33 77 00 38 39 38 36 30 36 31 36 30 32 30 30 34 32 36 38 39 35 37 35 03 F5 02 00 0C 00 23 23 
   [mylog-info][INFO] [2017-05-15 10:29:14] com.haro.netty.iot.netty.handler.ServerHandler.channelRead(208) | 5F 59 44 5F 02 EE 00 00 00 00 AA BB CC 11 22 33 77 00 38 39 38 36 30 36 31 36 30 32 30 30 34 32 36 38 39 35 37 35 03 F6 00 00 23 23 
   [mylog-info][INFO] [2017-05-15 10:29:17] com.haro.netty.iot.netty.handler.ServerHandler.channelRead(189) | EE 00 00 00 00 AA BB CC 11 22 33 77 00 
   [mylog-info][INFO] [2017-05-15 10:29:17] com.haro.netty.iot.netty.handler.ServerHandler.channelRead(206) | 5F 59 44 5F 02 EE 00 00 00 00 AA BB CC 11 22 33 77 00 38 39 38 36 30 36 31 36 30 32 30 30 34 32 36 38 39 35 37 35 03 F5 02 00 0C 00 23 23 
   [mylog-info][INFO] [2017-05-15 10:29:17] com.haro.netty.iot.netty.handler.ServerHandler.channelRead(208) | 5F 59 44 5F 02 EE 00 00 00 00 AA BB CC 11 22 33 77 00 38 39 38 36 30 36 31 36 30 32 30 30 34 32 36 38 39 35 37 35 03 F6 00 00 23 23 
   [mylog-info][INFO] [2017-05-15 10:29:20] com.haro.netty.iot.netty.handler.ServerHandler.channelRead(189) | EE 00 00 00 00 AA BB CC 11 22 33 77 00 
   [mylog-info][INFO] [2017-05-15 10:29:20] com.haro.netty.iot.netty.handler.ServerHandler.channelRead(206) | 5F 59 44 5F 02 EE 00 00 00 00 AA BB CC 11 22 33 77 00 38 39 38 36 30 36 31 36 30 32 30 30 34 32 36 38 39 35 37 35 03 F5 02 00 0C 00 23 23 
   [mylog-info][INFO] [2017-05-15 10:29:20] com.haro.netty.iot.netty.handler.ServerHandler.channelRead(208) | 5F 59 44 5F 02 EE 00 00 00 00 AA BB CC 11 22 33 77 00 38 39 38 36 30 36 31 36 30 32 30 30 34 32 36 38 39 35 37 35 03 F6 00 00 23 23 
   [mylog-info][INFO] [2017-05-15 10:29:23] com.haro.netty.iot.netty.handler.ServerHandler.channelRead(189) | EE 00 00 00 00 AA BB CC 11 22 33 77 00 
   [mylog-info][INFO] [2017-05-15 10:29:23] com.haro.netty.iot.netty.handler.ServerHandler.channelRead(206) | 5F 59 44 5F 02 EE 00 00 00 00 AA BB CC 11 22 33 77 00 38 39 38 36 30 36 31 36 30 32 30 30 34 32 36 38 39 35 37 35 03 F5 02 00 0C 00 23 23 
   [mylog-info][INFO] [2017-05-15 10:29:23] com.haro.netty.iot.netty.handler.ServerHandler.channelRead(208) | 5F 59 44 5F 02 EE 00 00 00 00 AA BB CC 11 22 33 77 00 38 39 38 36 30 36 31 36 30 32 30 30 34 32 36 38 39 35 37 35 03 F6 00 00 23 23 
   [mylog-info][INFO] [2017-05-15 10:29:26] com.haro.netty.iot.netty.handler.ServerHandler.channelRead(189) | EE 00 00 00 00 AA BB CC 11 22 33 77 00 
   [mylog-info][INFO] [2017-05-15 10:29:26] com.haro.netty.iot.netty.handler.ServerHandler.channelRead(206) | 5F 59 44 5F 02 EE 00 00 00 00 AA BB CC 11 22 33 77 00 38 39 38 36 30 36 31 36 30 32 30 30 34 32 36 38 39 35 37 35 03 F5 02 00 0C 00 23 23 
   [mylog-info][INFO] [2017-05-15 10:29:26] com.haro.netty.iot.netty.handler.ServerHandler.channelRead(208) | 5F 59 44 5F 02 EE 00 00 00 00 AA BB CC 11 22 33 77 00 38 39 38 36 30 36 31 36 30 32 30 30 34 32 36 38 39 35 37 35 03 F6 00 00 23 23 
   [mylog-info][INFO] [2017-05-15 10:29:29] com.haro.netty.iot.netty.handler.ServerHandler.channelRead(189) | EE 00 00 00 00 AA BB CC 11 22 33 77 00 
   [mylog-info][INFO] [2017-05-15 10:29:29] com.haro.netty.iot.netty.handler.ServerHandler.channelRead(206) | 5F 59 44 5F 02 EE 00 00 00 00 AA BB CC 11 22 33 77 00 38 39 38 36 30 36 31 36 30 32 30 30 34 32 36 38 39 35 37 35 03 F5 02 00 0C 00 23 23 
   [mylog-info][INFO] [2017-05-15 10:29:29] com.haro.netty.iot.netty.handler.ServerHandler.channelRead(208) | 5F 59 44 5F 02 EE 00 00 00 00 AA BB CC 11 22 33 77 00 38 39 38 36 30 36 31 36 30 32 30 30 34 32 36 38 39 35 37 35 03 F6 00 00 23 23 
   [mylog-info][INFO] [2017-05-15 10:29:32] com.haro.netty.iot.netty.handler.ServerHandler.channelRead(189) | EE 00 00 00 00 AA BB CC 11 22 33 77 00 
   [mylog-info][INFO] [2017-05-15 10:29:32] com.haro.netty.iot.netty.handler.ServerHandler.channelRead(206) | 5F 59 44 5F 02 EE 00 00 00 00 AA BB CC 11 22 33 77 00 38 39 38 36 30 36 31 36 30 32 30 30 34 32 36 38 39 35 37 35 03 F5 02 00 0C 00 23 23 
   [mylog-info][INFO] [2017-05-15 10:29:32] com.haro.netty.iot.netty.handler.ServerHandler.channelRead(208) | 5F 59 44 5F 02 EE 00 00 00 00 AA BB CC 11 22 33 77 00 38 39 38 36 30 36 31 36 30 32 30 30 34 32 36 38 39 35 37 35 03 F6 00 00 23 23 
   [mylog-info][INFO] [2017-05-15 10:29:35] com.haro.netty.iot.netty.handler.ServerHandler.channelRead(189) | EE 00 00 00 00 AA BB CC 11 22 33 77 00 
   [mylog-info][INFO] [2017-05-15 10:29:35] com.haro.netty.iot.netty.handler.ServerHandler.channelRead(206) | 5F 59 44 5F 02 EE 00 00 00 00 AA BB CC 11 22 33 77 00 38 39 38 36 30 36 31 36 30 32 30 30 34 32 36 38 39 35 37 35 03 F5 02 00 0C 00 23 23 
   [mylog-info][INFO] [2017-05-15 10:29:35] com.haro.netty.iot.netty.handler.ServerHandler.channelRead(208) | 5F 59 44 5F 02 EE 00 00 00 00 AA BB CC 11 22 33 77 00 38 39 38 36 30 36 31 36 30 32 30 30 34 32 36 38 39 35 37 35 03 F6 00 00 23 23 
   [mylog-info][INFO] [2017-05-15 10:29:38] com.haro.netty.iot.netty.handler.ServerHandler.channelRead(189) | EE 00 00 00 00 AA BB CC 11 22 33 77 00 
   [mylog-info][INFO] [2017-05-15 10:29:38] com.haro.netty.iot.netty.handler.ServerHandler.channelRead(206) | 5F 59 44 5F 02 EE 00 00 00 00 AA BB CC 11 22 33 77 00 38 39 38 36 30 36 31 36 30 32 30 30 34 32 36 38 39 35 37 35 03 F5 02 00 0C 00 23 23 
   [mylog-info][INFO] [2017-05-15 10:29:38] com.haro.netty.iot.netty.handler.ServerHandler.channelRead(208) | 5F 59 44 5F 02 EE 00 00 00 00 AA BB CC 11 22 33 77 00 38 39 38 36 30 36 31 36 30 32 30 30 34 32 36 38 39 35 37 35 03 F6 00 00 23 23 
   [mylog-info][INFO] [2017-05-15 10:29:41] com.haro.netty.iot.netty.handler.ServerHandler.channelInactive(84) | client: /127.0.0.1:51894channelInactive
   [mylog-info][INFO] [2017-05-15 11:16:04] org.springframework.web.context.ContextLoader.initWebApplicationContext(305) | Root WebApplicationContext: initialization started
   [mylog-info][INFO] [2017-05-15 11:16:04] org.springframework.context.support.AbstractApplicationContext.prepareRefresh(578) | Refreshing Root WebApplicationContext: startup date [Mon May 15 11:16:04 CST 2017]; root of context hierarchy
   [mylog-info][INFO] [2017-05-15 11:16:04] org.springframework.beans.factory.xml.XmlBeanDefinitionReader.loadBeanDefinitions(317) | Loading XML bean definitions from class path resource [spring.xml]
   [mylog-info][INFO] [2017-05-15 11:16:04] org.springframework.beans.factory.xml.XmlBeanDefinitionReader.loadBeanDefinitions(317) | Loading XML bean definitions from class path resource [spring-mybatis.xml]
   [mylog-info][WARN] [2017-05-15 11:16:04] org.mybatis.spring.mapper.ClassPathMapperScanner.checkCandidate(226) | Skipping MapperFactoryBean with name 'deviceStatusMapper' and 'com.haro.netty.test.mapper.DeviceStatusMapper' mapperInterface. Bean already defined with the same name!
   [mylog-info][WARN] [2017-05-15 11:16:04] org.mybatis.spring.mapper.ClassPathMapperScanner.doScan(158) | No MyBatis mapper was found in '[com.haro.netty.test.mapper]' package. Please check your configuration.
   [mylog-info][INFO] [2017-05-15 11:16:04] org.springframework.core.io.support.PropertiesLoaderSupport.loadProperties(172) | Loading properties file from class path resource [dbconfig.properties]
   [mylog-info][INFO] [2017-05-15 11:16:05] org.springframework.beans.factory.annotation.AutowiredAnnotationBeanPostProcessor.<init>(153) | JSR-330 'javax.inject.Inject' annotation found and supported for autowiring
   [mylog-info][INFO] [2017-05-15 11:16:05] com.alibaba.druid.pool.DruidDataSource.init(655) | {dataSource-1} inited
   [mylog-info][INFO] [2017-05-15 11:16:05] org.springframework.web.context.ContextLoader.initWebApplicationContext(345) | Root WebApplicationContext: initialization completed in 1513 ms
   [mylog-info][INFO] [2017-05-15 11:16:05] org.springframework.web.servlet.FrameworkServlet.initServletBean(487) | FrameworkServlet 'rest': initialization started
   [mylog-info][INFO] [2017-05-15 11:16:05] org.springframework.context.support.AbstractApplicationContext.prepareRefresh(578) | Refreshing WebApplicationContext for namespace 'rest-servlet': startup date [Mon May 15 11:16:05 CST 2017]; parent: Root WebApplicationContext
   [mylog-info][INFO] [2017-05-15 11:16:05] org.springframework.beans.factory.xml.XmlBeanDefinitionReader.loadBeanDefinitions(317) | Loading XML bean definitions from class path resource [spring-mvc.xml]
   [mylog-info][INFO] [2017-05-15 11:16:05] org.springframework.beans.factory.annotation.AutowiredAnnotationBeanPostProcessor.<init>(153) | JSR-330 'javax.inject.Inject' annotation found and supported for autowiring
   [mylog-info][INFO] [2017-05-15 11:16:06] org.springframework.web.servlet.FrameworkServlet.initServletBean(506) | FrameworkServlet 'rest': initialization completed in 630 ms
   [mylog-info][INFO] [2017-05-15 11:22:03] com.haro.netty.iot.netty.handler.ServerHandler.channelRegistered(49) | client: /127.0.0.1:52839channelRegistered
   [mylog-info][INFO] [2017-05-15 11:22:03] com.haro.netty.iot.netty.handler.ServerHandler.channelActive(70) | client: /127.0.0.1:52839channelInactive
   [mylog-info][INFO] [2017-05-15 11:22:05] com.haro.netty.iot.netty.handler.ServerHandler.channelRead(189) | EE 00 00 00 00 AA BB CC 11 22 33 77 00 
   [mylog-info][INFO] [2017-05-15 11:22:05] com.haro.netty.iot.netty.handler.ServerHandler.channelRead(206) | 5F 59 44 5F 02 EE 00 00 00 00 AA BB CC 11 22 33 77 00 38 39 38 36 30 36 31 36 30 32 30 30 34 32 36 38 39 35 37 35 03 F5 02 00 0C 00 23 23 
   [mylog-info][INFO] [2017-05-15 11:22:05] com.haro.netty.iot.netty.handler.ServerHandler.channelRead(208) | 5F 59 44 5F 02 EE 00 00 00 00 AA BB CC 11 22 33 77 00 38 39 38 36 30 36 31 36 30 32 30 30 34 32 36 38 39 35 37 35 03 F6 00 00 23 23 
   [mylog-info][INFO] [2017-05-15 11:29:25] org.springframework.web.context.ContextLoader.initWebApplicationContext(305) | Root WebApplicationContext: initialization started
   [mylog-info][INFO] [2017-05-15 11:29:25] org.springframework.context.support.AbstractApplicationContext.prepareRefresh(578) | Refreshing Root WebApplicationContext: startup date [Mon May 15 11:29:25 CST 2017]; root of context hierarchy
   [mylog-info][INFO] [2017-05-15 11:29:25] org.springframework.beans.factory.xml.XmlBeanDefinitionReader.loadBeanDefinitions(317) | Loading XML bean definitions from class path resource [spring.xml]
   [mylog-info][INFO] [2017-05-15 11:29:26] org.springframework.beans.factory.xml.XmlBeanDefinitionReader.loadBeanDefinitions(317) | Loading XML bean definitions from class path resource [spring-mybatis.xml]
   [mylog-info][WARN] [2017-05-15 11:29:26] org.mybatis.spring.mapper.ClassPathMapperScanner.checkCandidate(226) | Skipping MapperFactoryBean with name 'deviceStatusMapper' and 'com.haro.netty.test.mapper.DeviceStatusMapper' mapperInterface. Bean already defined with the same name!
   [mylog-info][WARN] [2017-05-15 11:29:26] org.mybatis.spring.mapper.ClassPathMapperScanner.doScan(158) | No MyBatis mapper was found in '[com.haro.netty.test.mapper]' package. Please check your configuration.
   [mylog-info][INFO] [2017-05-15 11:29:26] org.springframework.core.io.support.PropertiesLoaderSupport.loadProperties(172) | Loading properties file from class path resource [dbconfig.properties]
   [mylog-info][INFO] [2017-05-15 11:29:26] org.springframework.beans.factory.annotation.AutowiredAnnotationBeanPostProcessor.<init>(153) | JSR-330 'javax.inject.Inject' annotation found and supported for autowiring
   [mylog-info][INFO] [2017-05-15 11:29:26] com.alibaba.druid.pool.DruidDataSource.init(655) | {dataSource-1} inited
   [mylog-info][INFO] [2017-05-15 11:29:27] org.springframework.web.context.ContextLoader.initWebApplicationContext(345) | Root WebApplicationContext: initialization completed in 1439 ms
   [mylog-info][INFO] [2017-05-15 11:29:27] org.springframework.web.servlet.FrameworkServlet.initServletBean(487) | FrameworkServlet 'rest': initialization started
   [mylog-info][INFO] [2017-05-15 11:29:27] org.springframework.context.support.AbstractApplicationContext.prepareRefresh(578) | Refreshing WebApplicationContext for namespace 'rest-servlet': startup date [Mon May 15 11:29:27 CST 2017]; parent: Root WebApplicationContext
   [mylog-info][INFO] [2017-05-15 11:29:27] org.springframework.beans.factory.xml.XmlBeanDefinitionReader.loadBeanDefinitions(317) | Loading XML bean definitions from class path resource [spring-mvc.xml]
   [mylog-info][INFO] [2017-05-15 11:29:27] org.springframework.beans.factory.annotation.AutowiredAnnotationBeanPostProcessor.<init>(153) | JSR-330 'javax.inject.Inject' annotation found and supported for autowiring
   [mylog-info][INFO] [2017-05-15 11:29:27] org.springframework.web.servlet.FrameworkServlet.initServletBean(506) | FrameworkServlet 'rest': initialization completed in 535 ms
   [mylog-info][INFO] [2017-05-15 11:31:30] org.springframework.web.context.ContextLoader.initWebApplicationContext(305) | Root WebApplicationContext: initialization started
   [mylog-info][INFO] [2017-05-15 11:31:31] org.springframework.context.support.AbstractApplicationContext.prepareRefresh(578) | Refreshing Root WebApplicationContext: startup date [Mon May 15 11:31:31 CST 2017]; root of context hierarchy
   [mylog-info][INFO] [2017-05-15 11:31:31] org.springframework.beans.factory.xml.XmlBeanDefinitionReader.loadBeanDefinitions(317) | Loading XML bean definitions from class path resource [spring.xml]
   [mylog-info][INFO] [2017-05-15 11:31:31] org.springframework.beans.factory.xml.XmlBeanDefinitionReader.loadBeanDefinitions(317) | Loading XML bean definitions from class path resource [spring-mybatis.xml]
   [mylog-info][WARN] [2017-05-15 11:31:31] org.mybatis.spring.mapper.ClassPathMapperScanner.checkCandidate(226) | Skipping MapperFactoryBean with name 'deviceStatusMapper' and 'com.haro.netty.test.mapper.DeviceStatusMapper' mapperInterface. Bean already defined with the same name!
   [mylog-info][WARN] [2017-05-15 11:31:31] org.mybatis.spring.mapper.ClassPathMapperScanner.doScan(158) | No MyBatis mapper was found in '[com.haro.netty.test.mapper]' package. Please check your configuration.
   [mylog-info][INFO] [2017-05-15 11:31:31] org.springframework.core.io.support.PropertiesLoaderSupport.loadProperties(172) | Loading properties file from class path resource [dbconfig.properties]
   [mylog-info][INFO] [2017-05-15 11:31:31] org.springframework.beans.factory.annotation.AutowiredAnnotationBeanPostProcessor.<init>(153) | JSR-330 'javax.inject.Inject' annotation found and supported for autowiring
   [mylog-info][INFO] [2017-05-15 11:31:31] com.alibaba.druid.pool.DruidDataSource.init(655) | {dataSource-1} inited
   [mylog-info][INFO] [2017-05-15 11:31:32] org.springframework.web.context.ContextLoader.initWebApplicationContext(345) | Root WebApplicationContext: initialization completed in 1143 ms
   [mylog-info][INFO] [2017-05-15 11:31:32] org.springframework.web.servlet.FrameworkServlet.initServletBean(487) | FrameworkServlet 'rest': initialization started
   [mylog-info][INFO] [2017-05-15 11:31:32] org.springframework.context.support.AbstractApplicationContext.prepareRefresh(578) | Refreshing WebApplicationContext for namespace 'rest-servlet': startup date [Mon May 15 11:31:32 CST 2017]; parent: Root WebApplicationContext
   [mylog-info][INFO] [2017-05-15 11:31:32] org.springframework.beans.factory.xml.XmlBeanDefinitionReader.loadBeanDefinitions(317) | Loading XML bean definitions from class path resource [spring-mvc.xml]
   [mylog-info][INFO] [2017-05-15 11:31:32] org.springframework.beans.factory.annotation.AutowiredAnnotationBeanPostProcessor.<init>(153) | JSR-330 'javax.inject.Inject' annotation found and supported for autowiring
   [mylog-info][INFO] [2017-05-15 11:31:32] org.springframework.web.servlet.FrameworkServlet.initServletBean(506) | FrameworkServlet 'rest': initialization completed in 527 ms
   